#
# There is insufficient memory for the Java Runtime Environment to continue.
# Native memory allocation (mmap) failed to map 61865984 bytes for G1 virtual space
# Possible reasons:
#   The system is out of physical RAM or swap space
#   The process is running with CompressedOops enabled, and the Java Heap may be blocking the growth of the native heap
# Possible solutions:
#   Reduce memory load on the system
#   Increase physical memory or swap space
#   Check if swap backing store is full
#   Decrease Java heap size (-Xmx/-Xms)
#   Decrease number of Java threads
#   Decrease Java thread stack sizes (-Xss)
#   Set larger code cache with -XX:ReservedCodeCacheSize=
#   JVM is running with Unscaled Compressed Oops mode in which the Java heap is
#     placed in the first 4GB address space. The Java Heap base address is the
#     maximum limit for the native heap growth. Please use -XX:HeapBaseMinAddress
#     to set the Java Heap base and to place the Java Heap above 4GB virtual address.
# This output file may be truncated or incomplete.
#
#  Out of Memory Error (os_windows.cpp:3600), pid=11196, tid=5296
#
# JRE version: Java(TM) SE Runtime Environment (21.0.2+13) (build 21.0.2+13-LTS-58)
# Java VM: Java HotSpot(TM) 64-Bit Server VM (21.0.2+13-LTS-58, mixed mode, emulated-client, sharing, tiered, compressed oops, compressed class ptrs, g1 gc, windows-amd64)
# No core dump will be written. Minidumps are not enabled by default on client versions of Windows
#

---------------  S U M M A R Y ------------

Command Line: -XX:TieredStopAtLevel=1 -Dspring.output.ansi.enabled=always -Dcom.sun.management.jmxremote -Dspring.jmx.enabled=true -Dspring.liveBeansView.mbeanDomain -Dspring.application.admin.enabled=true -Dmanagement.endpoints.jmx.exposure.include=* -javaagent:C:\Program Files\JetBrains\IntelliJ IDEA 2023.3.4\lib\idea_rt.jar=55930:C:\Program Files\JetBrains\IntelliJ IDEA 2023.3.4\bin -Dfile.encoding=UTF-8 -Dsun.stdout.encoding=UTF-8 -Dsun.stderr.encoding=UTF-8 cr.ac.una.backend.BackendApplication

Host: AMD Ryzen 7 5800X 8-Core Processor             , 6 cores, 3G,  Windows 11 , 64 bit Build 22621 (10.0.22621.3085)
Time: Thu Nov 14 09:35:00 2024 Central America Standard Time elapsed time: 57.548635 seconds (0d 0h 0m 57s)

---------------  T H R E A D  ---------------

Current thread (0x000001e99c248c00):  VMThread "VM Thread"          [id=5296, stack(0x00000033d9f00000,0x00000033da000000) (1024K)]

Stack: [0x00000033d9f00000,0x00000033da000000]
Native frames: (J=compiled Java code, j=interpreted, Vv=VM code, C=native code)
V  [jvm.dll+0x6cade9]
V  [jvm.dll+0x8569c1]
V  [jvm.dll+0x858d2e]
V  [jvm.dll+0x859413]
V  [jvm.dll+0x280e56]
V  [jvm.dll+0x6c74d5]
V  [jvm.dll+0x6bbeca]
V  [jvm.dll+0x355bca]
V  [jvm.dll+0x35d816]
V  [jvm.dll+0x3ae67e]
V  [jvm.dll+0x3ae928]
V  [jvm.dll+0x3295dc]
V  [jvm.dll+0x32be86]
V  [jvm.dll+0x335dde]
V  [jvm.dll+0x36c045]
V  [jvm.dll+0x85ef18]
V  [jvm.dll+0x860014]
V  [jvm.dll+0x860550]
V  [jvm.dll+0x8607f3]
V  [jvm.dll+0x7ff568]
V  [jvm.dll+0x6c953d]
C  [ucrtbase.dll+0x29363]
C  [KERNEL32.DLL+0x1257d]
C  [ntdll.dll+0x5aa58]

VM_Operation (0x00000033d9aff900): G1PauseRemark, mode: safepoint, requested by thread 0x000001e98d3b4d40


---------------  P R O C E S S  ---------------

Threads class SMR info:
_java_thread_list=0x000001e9ea462780, length=48, elements={
0x000001e99c266c00, 0x000001e99c268130, 0x000001e99c26d5c0, 0x000001e99c271920,
0x000001e99c273390, 0x000001e99c275e00, 0x000001e99c2779b0, 0x000001e99c42a060,
0x000001e9e2385e90, 0x000001e9e2386500, 0x000001e9e250f580, 0x000001e9e200c2c0,
0x000001e9e25cb580, 0x000001e9e265fb20, 0x000001e9e3c5c540, 0x000001e9e3c5cbd0,
0x000001e9e3c5f330, 0x000001e9e3c5d260, 0x000001e9e3c5d8f0, 0x000001e9e3c5eca0,
0x000001e9ea35e9d0, 0x000001e9ea35d620, 0x000001e9ea35f060, 0x000001e9ea35bbe0,
0x000001e9ea35c270, 0x000001e9ea35e340, 0x000001e9ea35dcb0, 0x000001e9ea35c900,
0x000001e9ea35cf90, 0x000001e9e3c5df80, 0x000001e9ea426ad0, 0x000001e9ea42b300,
0x000001e9ea425720, 0x000001e9ea427160, 0x000001e9ea42a5e0, 0x000001e9ea426440,
0x000001e9ea429230, 0x000001e9ea425db0, 0x000001e9ea427e80, 0x000001e9ea4277f0,
0x000001e9ea428ba0, 0x000001e9ea425090, 0x000001e9ea428510, 0x000001e9ea429f50,
0x000001e9ea42ac70, 0x000001e9ea42b990, 0x000001e9ea42c020, 0x000001e9ea42c6b0
}

Java Threads: ( => current thread )
  0x000001e99c266c00 JavaThread "Reference Handler"          daemon [_thread_blocked, id=11560, stack(0x00000033da000000,0x00000033da100000) (1024K)]
  0x000001e99c268130 JavaThread "Finalizer"                  daemon [_thread_blocked, id=13088, stack(0x00000033da100000,0x00000033da200000) (1024K)]
  0x000001e99c26d5c0 JavaThread "Signal Dispatcher"          daemon [_thread_blocked, id=16368, stack(0x00000033da200000,0x00000033da300000) (1024K)]
  0x000001e99c271920 JavaThread "Attach Listener"            daemon [_thread_blocked, id=15968, stack(0x00000033da300000,0x00000033da400000) (1024K)]
  0x000001e99c273390 JavaThread "Service Thread"             daemon [_thread_blocked, id=8396, stack(0x00000033da400000,0x00000033da500000) (1024K)]
  0x000001e99c275e00 JavaThread "Monitor Deflation Thread"   daemon [_thread_blocked, id=8500, stack(0x00000033da500000,0x00000033da600000) (1024K)]
  0x000001e99c2779b0 JavaThread "C1 CompilerThread0"         daemon [_thread_blocked, id=4872, stack(0x00000033da600000,0x00000033da700000) (1024K)]
  0x000001e99c42a060 JavaThread "Common-Cleaner"             daemon [_thread_blocked, id=16264, stack(0x00000033da700000,0x00000033da800000) (1024K)]
  0x000001e9e2385e90 JavaThread "Monitor Ctrl-Break"         daemon [_thread_in_native, id=15536, stack(0x00000033daa00000,0x00000033dab00000) (1024K)]
  0x000001e9e2386500 JavaThread "Notification Thread"        daemon [_thread_blocked, id=12420, stack(0x00000033dab00000,0x00000033dac00000) (1024K)]
  0x000001e9e250f580 JavaThread "RMI TCP Accept-0"           daemon [_thread_in_native, id=14956, stack(0x00000033dac00000,0x00000033dad00000) (1024K)]
  0x000001e9e200c2c0 JavaThread "RMI TCP Connection(idle)"   daemon [_thread_blocked, id=14652, stack(0x00000033db200000,0x00000033db300000) (1024K)]
  0x000001e9e25cb580 JavaThread "RMI Scheduler(0)"           daemon [_thread_blocked, id=120, stack(0x00000033db300000,0x00000033db400000) (1024K)]
  0x000001e9e265fb20 JavaThread "JMX server connection timeout 30" daemon [_thread_blocked, id=16260, stack(0x00000033db400000,0x00000033db500000) (1024K)]
  0x000001e9e3c5c540 JavaThread "Catalina-utility-1"                [_thread_blocked, id=2820, stack(0x00000033db600000,0x00000033db700000) (1024K)]
  0x000001e9e3c5cbd0 JavaThread "Catalina-utility-2"                [_thread_blocked, id=4584, stack(0x00000033db700000,0x00000033db800000) (1024K)]
  0x000001e9e3c5f330 JavaThread "container-0"                       [_thread_blocked, id=15736, stack(0x00000033db800000,0x00000033db900000) (1024K)]
  0x000001e9e3c5d260 JavaThread "mysql-cj-abandoned-connection-cleanup" daemon [_thread_blocked, id=12312, stack(0x00000033db900000,0x00000033dba00000) (1024K)]
  0x000001e9e3c5d8f0 JavaThread "HikariPool-1 housekeeper"   daemon [_thread_blocked, id=15280, stack(0x00000033dbb00000,0x00000033dbc00000) (1024K)]
  0x000001e9e3c5eca0 JavaThread "spring.cloud.inetutils"     daemon [_thread_blocked, id=15164, stack(0x00000033dbd00000,0x00000033dbe00000) (1024K)]
  0x000001e9ea35e9d0 JavaThread "spectator-gauge-polling-0"  daemon [_thread_blocked, id=14700, stack(0x00000033dbe00000,0x00000033dbf00000) (1024K)]
  0x000001e9ea35d620 JavaThread "AsyncResolver-bootstrap-%d" daemon [_thread_blocked, id=16352, stack(0x00000033dbf00000,0x00000033dc000000) (1024K)]
  0x000001e9ea35f060 JavaThread "DiscoveryClient-%d"         daemon [_thread_blocked, id=7284, stack(0x00000033da900000,0x00000033daa00000) (1024K)]
  0x000001e9ea35bbe0 JavaThread "DiscoveryClient-%d"         daemon [_thread_blocked, id=12732, stack(0x00000033dbc00000,0x00000033dbd00000) (1024K)]
  0x000001e9ea35c270 JavaThread "DiscoveryClient-InstanceInfoReplicator-%d" daemon [_thread_blocked, id=8724, stack(0x00000033dc000000,0x00000033dc100000) (1024K)]
  0x000001e9ea35e340 JavaThread "http-nio-8080-exec-1"       daemon [_thread_blocked, id=10348, stack(0x00000033dc100000,0x00000033dc200000) (1024K)]
  0x000001e9ea35dcb0 JavaThread "http-nio-8080-exec-2"       daemon [_thread_blocked, id=10012, stack(0x00000033dc200000,0x00000033dc300000) (1024K)]
  0x000001e9ea35c900 JavaThread "http-nio-8080-exec-3"       daemon [_thread_blocked, id=11792, stack(0x00000033dc300000,0x00000033dc400000) (1024K)]
  0x000001e9ea35cf90 JavaThread "http-nio-8080-exec-4"       daemon [_thread_blocked, id=16004, stack(0x00000033dc400000,0x00000033dc500000) (1024K)]
  0x000001e9e3c5df80 JavaThread "http-nio-8080-exec-5"       daemon [_thread_blocked, id=576, stack(0x00000033dc500000,0x00000033dc600000) (1024K)]
  0x000001e9ea426ad0 JavaThread "http-nio-8080-exec-6"       daemon [_thread_blocked, id=12044, stack(0x00000033dc600000,0x00000033dc700000) (1024K)]
  0x000001e9ea42b300 JavaThread "http-nio-8080-exec-7"       daemon [_thread_blocked, id=15480, stack(0x00000033dc700000,0x00000033dc800000) (1024K)]
  0x000001e9ea425720 JavaThread "http-nio-8080-exec-8"       daemon [_thread_blocked, id=3748, stack(0x00000033dc800000,0x00000033dc900000) (1024K)]
  0x000001e9ea427160 JavaThread "http-nio-8080-exec-9"       daemon [_thread_blocked, id=7480, stack(0x00000033dc900000,0x00000033dca00000) (1024K)]
  0x000001e9ea42a5e0 JavaThread "http-nio-8080-exec-10"      daemon [_thread_blocked, id=10664, stack(0x00000033dca00000,0x00000033dcb00000) (1024K)]
  0x000001e9ea426440 JavaThread "http-nio-8080-Poller"       daemon [_thread_in_native, id=2052, stack(0x00000033dcb00000,0x00000033dcc00000) (1024K)]
  0x000001e9ea429230 JavaThread "http-nio-8080-Acceptor"     daemon [_thread_in_native, id=15640, stack(0x00000033dcc00000,0x00000033dcd00000) (1024K)]
  0x000001e9ea425db0 JavaThread "DestroyJavaVM"                     [_thread_blocked, id=12340, stack(0x00000033d9800000,0x00000033d9900000) (1024K)]
  0x000001e9ea427e80 JavaThread "RMI TCP Connection(idle)"   daemon [_thread_blocked, id=14836, stack(0x00000033dcf00000,0x00000033dd000000) (1024K)]
  0x000001e9ea4277f0 JavaThread "RMI TCP Connection(3)-192.168.100.57" daemon [_thread_in_native, id=11520, stack(0x00000033dd100000,0x00000033dd200000) (1024K)]
  0x000001e9ea428ba0 JavaThread "RMI TCP Connection(5)-192.168.100.57" daemon [_thread_in_native, id=5388, stack(0x00000033dd200000,0x00000033dd300000) (1024K)]
  0x000001e9ea425090 JavaThread "ForkJoinPool.commonPool-worker-1" daemon [_thread_blocked, id=12600, stack(0x00000033dcd00000,0x00000033dce00000) (1024K)]
  0x000001e9ea428510 JavaThread "ForkJoinPool.commonPool-worker-2" daemon [_thread_blocked, id=8288, stack(0x00000033dd000000,0x00000033dd100000) (1024K)]
  0x000001e9ea429f50 JavaThread "ForkJoinPool.commonPool-worker-4" daemon [_thread_blocked, id=13152, stack(0x00000033dd300000,0x00000033dd400000) (1024K)]
  0x000001e9ea42ac70 JavaThread "ForkJoinPool.commonPool-worker-3" daemon [_thread_blocked, id=13488, stack(0x00000033dd400000,0x00000033dd500000) (1024K)]
  0x000001e9ea42b990 JavaThread "ForkJoinPool.commonPool-worker-5" daemon [_thread_blocked, id=9000, stack(0x00000033dd500000,0x00000033dd600000) (1024K)]
  0x000001e9ea42c020 JavaThread "DiscoveryClient-CacheRefreshExecutor-%d" daemon [_thread_blocked, id=11100, stack(0x00000033dd600000,0x00000033dd700000) (1024K)]
  0x000001e9ea42c6b0 JavaThread "DiscoveryClient-HeartbeatExecutor-%d" daemon [_thread_blocked, id=15436, stack(0x00000033dd700000,0x00000033dd800000) (1024K)]
Total: 48

Other Threads:
=>0x000001e99c248c00 VMThread "VM Thread"                           [id=5296, stack(0x00000033d9f00000,0x00000033da000000) (1024K)]
  0x000001e99c22f960 WatcherThread "VM Periodic Task Thread"        [id=9884, stack(0x00000033d9e00000,0x00000033d9f00000) (1024K)]
  0x000001e98d3abbb0 WorkerThread "GC Thread#0"                     [id=12400, stack(0x00000033d9900000,0x00000033d9a00000) (1024K)]
  0x000001e99c2484c0 WorkerThread "GC Thread#1"                     [id=11660, stack(0x00000033dad00000,0x00000033dae00000) (1024K)]
  0x000001e99c248860 WorkerThread "GC Thread#2"                     [id=2556, stack(0x00000033dae00000,0x00000033daf00000) (1024K)]
  0x000001e99c2479e0 WorkerThread "GC Thread#3"                     [id=15620, stack(0x00000033daf00000,0x00000033db000000) (1024K)]
  0x000001e99c2472a0 WorkerThread "GC Thread#4"                     [id=14716, stack(0x00000033db000000,0x00000033db100000) (1024K)]
  0x000001e99c247640 WorkerThread "GC Thread#5"                     [id=15444, stack(0x00000033db100000,0x00000033db200000) (1024K)]
  0x000001e98d3b4d40 ConcurrentGCThread "G1 Main Marker"            [id=11440, stack(0x00000033d9a00000,0x00000033d9b00000) (1024K)]
  0x000001e98d3b73f0 WorkerThread "G1 Conc#0"                       [id=6812, stack(0x00000033d9b00000,0x00000033d9c00000) (1024K)]
  0x000001e9e2cbdd00 WorkerThread "G1 Conc#1"                       [id=2696, stack(0x00000033db500000,0x00000033db600000) (1024K)]
  0x000001e98d410e00 ConcurrentGCThread "G1 Refine#0"               [id=15452, stack(0x00000033d9c00000,0x00000033d9d00000) (1024K)]
  0x000001e98d411970 ConcurrentGCThread "G1 Service"                [id=15516, stack(0x00000033d9d00000,0x00000033d9e00000) (1024K)]
Total: 13

Threads with active compile tasks:
Total: 0

VM state: at safepoint (normal execution)

VM Mutex/Monitor currently owned by a thread:  ([mutex/lock_event])
[0x00007ffd2aa9cd68] Threads_lock - owner thread: 0x000001e99c248c00
[0x00007ffd2aa9ce68] Heap_lock - owner thread: 0x000001e98d3b4d40

OutOfMemory and StackOverflow Exception counts:
StackOverflowErrors=1
LinkageErrors=196

Heap address: 0x00000000c0000000, size: 1024 MB, Compressed Oops mode: 32-bit

CDS archive(s) mapped at: [0x000001e99d000000-0x000001e99dc90000-0x000001e99dc90000), size 13172736, SharedBaseAddress: 0x000001e99d000000, ArchiveRelocationMode: 1.
Compressed class space mapped at: 0x000001e99e000000-0x000001e9de000000, reserved size: 1073741824
Narrow klass base: 0x000001e99d000000, Narrow klass shift: 0, Narrow klass range: 0x100000000

GC Precious Log:
 CardTable entry size: 512
 Card Set container configuration: InlinePtr #cards 5 size 8 Array Of Cards #cards 12 size 40 Howl #buckets 4 coarsen threshold 1843 Howl Bitmap #cards 512 size 80 coarsen threshold 460 Card regions per heap region 1 cards per card region 2048
 CPUs: 6 total, 6 available
 Memory: 4094M
 Large Page Support: Disabled
 NUMA Support: Disabled
 Compressed Oops: Enabled (32-bit)
 Heap Region Size: 1M
 Heap Min Capacity: 8M
 Heap Initial Capacity: 64M
 Heap Max Capacity: 1G
 Pre-touch: Disabled
 Parallel Workers: 6
 Concurrent Workers: 2
 Concurrent Refinement Workers: 6
 Periodic GC: Disabled

Heap:
 garbage-first heap   total 184320K, used 145408K [0x00000000c0000000, 0x0000000100000000)
  region size 1024K, 6 young (6144K), 4 survivors (4096K)
 Metaspace       used 94263K, committed 96064K, reserved 1179648K
  class space    used 13736K, committed 14400K, reserved 1048576K

Heap Regions: E=young(eden), S=young(survivor), O=old, HS=humongous(starts), HC=humongous(continues), CS=collection set, F=free, TAMS=top-at-mark-start, PB=parsable bottom
|   0|0x00000000c0000000, 0x00000000c0100000, 0x00000000c0100000|100%|HS|  |TAMS 0x00000000c0100000| PB 0x00000000c0000000| Complete 
|   1|0x00000000c0100000, 0x00000000c0200000, 0x00000000c0200000|100%|HS|  |TAMS 0x00000000c0200000| PB 0x00000000c0100000| Complete 
|   2|0x00000000c0200000, 0x00000000c0300000, 0x00000000c0300000|100%| O|  |TAMS 0x00000000c0300000| PB 0x00000000c0300000| Untracked 
|   3|0x00000000c0300000, 0x00000000c0400000, 0x00000000c0400000|100%| O|  |TAMS 0x00000000c0400000| PB 0x00000000c0400000| Untracked 
|   4|0x00000000c0400000, 0x00000000c0500000, 0x00000000c0500000|100%| O|  |TAMS 0x00000000c0500000| PB 0x00000000c0500000| Untracked 
|   5|0x00000000c0500000, 0x00000000c0600000, 0x00000000c0600000|100%| O|  |TAMS 0x00000000c0600000| PB 0x00000000c0600000| Untracked 
|   6|0x00000000c0600000, 0x00000000c0700000, 0x00000000c0700000|100%| O|  |TAMS 0x00000000c0700000| PB 0x00000000c0700000| Untracked 
|   7|0x00000000c0700000, 0x00000000c0800000, 0x00000000c0800000|100%| O|  |TAMS 0x00000000c0800000| PB 0x00000000c0800000| Updating 
|   8|0x00000000c0800000, 0x00000000c0900000, 0x00000000c0900000|100%| O|  |TAMS 0x00000000c0900000| PB 0x00000000c0900000| Untracked 
|   9|0x00000000c0900000, 0x00000000c0a00000, 0x00000000c0a00000|100%| O|  |TAMS 0x00000000c0a00000| PB 0x00000000c0a00000| Untracked 
|  10|0x00000000c0a00000, 0x00000000c0b00000, 0x00000000c0b00000|100%| O|  |TAMS 0x00000000c0b00000| PB 0x00000000c0b00000| Updating 
|  11|0x00000000c0b00000, 0x00000000c0c00000, 0x00000000c0c00000|100%| O|  |TAMS 0x00000000c0c00000| PB 0x00000000c0c00000| Updating 
|  12|0x00000000c0c00000, 0x00000000c0d00000, 0x00000000c0d00000|100%| O|  |TAMS 0x00000000c0d00000| PB 0x00000000c0d00000| Updating 
|  13|0x00000000c0d00000, 0x00000000c0e00000, 0x00000000c0e00000|100%| O|  |TAMS 0x00000000c0e00000| PB 0x00000000c0e00000| Untracked 
|  14|0x00000000c0e00000, 0x00000000c0f00000, 0x00000000c0f00000|100%| O|  |TAMS 0x00000000c0f00000| PB 0x00000000c0f00000| Updating 
|  15|0x00000000c0f00000, 0x00000000c1000000, 0x00000000c1000000|100%| O|  |TAMS 0x00000000c1000000| PB 0x00000000c1000000| Updating 
|  16|0x00000000c1000000, 0x00000000c1100000, 0x00000000c1100000|100%| O|  |TAMS 0x00000000c1100000| PB 0x00000000c1100000| Updating 
|  17|0x00000000c1100000, 0x00000000c1200000, 0x00000000c1200000|100%| O|  |TAMS 0x00000000c1200000| PB 0x00000000c1200000| Untracked 
|  18|0x00000000c1200000, 0x00000000c1300000, 0x00000000c1300000|100%| O|  |TAMS 0x00000000c1300000| PB 0x00000000c1300000| Untracked 
|  19|0x00000000c1300000, 0x00000000c1400000, 0x00000000c1400000|100%| O|  |TAMS 0x00000000c1400000| PB 0x00000000c1400000| Updating 
|  20|0x00000000c1400000, 0x00000000c1500000, 0x00000000c1500000|100%| O|  |TAMS 0x00000000c1500000| PB 0x00000000c1500000| Updating 
|  21|0x00000000c1500000, 0x00000000c1600000, 0x00000000c1600000|100%| O|  |TAMS 0x00000000c1600000| PB 0x00000000c1600000| Untracked 
|  22|0x00000000c1600000, 0x00000000c1700000, 0x00000000c1700000|100%| O|  |TAMS 0x00000000c1700000| PB 0x00000000c1700000| Updating 
|  23|0x00000000c1700000, 0x00000000c1800000, 0x00000000c1800000|100%| O|  |TAMS 0x00000000c1800000| PB 0x00000000c1800000| Untracked 
|  24|0x00000000c1800000, 0x00000000c1900000, 0x00000000c1900000|100%| O|  |TAMS 0x00000000c1900000| PB 0x00000000c1900000| Updating 
|  25|0x00000000c1900000, 0x00000000c1a00000, 0x00000000c1a00000|100%| O|  |TAMS 0x00000000c1a00000| PB 0x00000000c1a00000| Updating 
|  26|0x00000000c1a00000, 0x00000000c1b00000, 0x00000000c1b00000|100%| O|  |TAMS 0x00000000c1b00000| PB 0x00000000c1b00000| Updating 
|  27|0x00000000c1b00000, 0x00000000c1c00000, 0x00000000c1c00000|100%| O|  |TAMS 0x00000000c1c00000| PB 0x00000000c1c00000| Untracked 
|  28|0x00000000c1c00000, 0x00000000c1d00000, 0x00000000c1d00000|100%| O|  |TAMS 0x00000000c1d00000| PB 0x00000000c1d00000| Updating 
|  29|0x00000000c1d00000, 0x00000000c1e00000, 0x00000000c1e00000|100%| O|  |TAMS 0x00000000c1e00000| PB 0x00000000c1e00000| Untracked 
|  30|0x00000000c1e00000, 0x00000000c1f00000, 0x00000000c1f00000|100%| O|  |TAMS 0x00000000c1f00000| PB 0x00000000c1f00000| Updating 
|  31|0x00000000c1f00000, 0x00000000c2000000, 0x00000000c2000000|100%| O|  |TAMS 0x00000000c2000000| PB 0x00000000c2000000| Updating 
|  32|0x00000000c2000000, 0x00000000c2100000, 0x00000000c2100000|100%| O|  |TAMS 0x00000000c2100000| PB 0x00000000c2100000| Updating 
|  33|0x00000000c2100000, 0x00000000c2200000, 0x00000000c2200000|100%| O|  |TAMS 0x00000000c2200000| PB 0x00000000c2200000| Updating 
|  34|0x00000000c2200000, 0x00000000c2300000, 0x00000000c2300000|100%| O|  |TAMS 0x00000000c2300000| PB 0x00000000c2300000| Untracked 
|  35|0x00000000c2300000, 0x00000000c2400000, 0x00000000c2400000|100%| O|  |TAMS 0x00000000c2400000| PB 0x00000000c2400000| Untracked 
|  36|0x00000000c2400000, 0x00000000c2500000, 0x00000000c2500000|100%| O|  |TAMS 0x00000000c2500000| PB 0x00000000c2500000| Updating 
|  37|0x00000000c2500000, 0x00000000c2600000, 0x00000000c2600000|100%| O|  |TAMS 0x00000000c2600000| PB 0x00000000c2600000| Untracked 
|  38|0x00000000c2600000, 0x00000000c2700000, 0x00000000c2700000|100%| O|  |TAMS 0x00000000c2700000| PB 0x00000000c2700000| Updating 
|  39|0x00000000c2700000, 0x00000000c2800000, 0x00000000c2800000|100%| O|  |TAMS 0x00000000c2800000| PB 0x00000000c2800000| Updating 
|  40|0x00000000c2800000, 0x00000000c2900000, 0x00000000c2900000|100%| O|  |TAMS 0x00000000c2900000| PB 0x00000000c2900000| Untracked 
|  41|0x00000000c2900000, 0x00000000c2a00000, 0x00000000c2a00000|100%| O|  |TAMS 0x00000000c2a00000| PB 0x00000000c2a00000| Untracked 
|  42|0x00000000c2a00000, 0x00000000c2b00000, 0x00000000c2b00000|100%| O|  |TAMS 0x00000000c2b00000| PB 0x00000000c2b00000| Updating 
|  43|0x00000000c2b00000, 0x00000000c2c00000, 0x00000000c2c00000|100%| O|  |TAMS 0x00000000c2c00000| PB 0x00000000c2c00000| Untracked 
|  44|0x00000000c2c00000, 0x00000000c2d00000, 0x00000000c2d00000|100%| O|  |TAMS 0x00000000c2d00000| PB 0x00000000c2d00000| Untracked 
|  45|0x00000000c2d00000, 0x00000000c2e00000, 0x00000000c2e00000|100%| O|  |TAMS 0x00000000c2e00000| PB 0x00000000c2e00000| Updating 
|  46|0x00000000c2e00000, 0x00000000c2f00000, 0x00000000c2f00000|100%| O|  |TAMS 0x00000000c2f00000| PB 0x00000000c2f00000| Updating 
|  47|0x00000000c2f00000, 0x00000000c3000000, 0x00000000c3000000|100%| O|  |TAMS 0x00000000c3000000| PB 0x00000000c3000000| Updating 
|  48|0x00000000c3000000, 0x00000000c3100000, 0x00000000c3100000|100%| O|  |TAMS 0x00000000c3100000| PB 0x00000000c3100000| Untracked 
|  49|0x00000000c3100000, 0x00000000c3200000, 0x00000000c3200000|100%| O|  |TAMS 0x00000000c3200000| PB 0x00000000c3200000| Untracked 
|  50|0x00000000c3200000, 0x00000000c3300000, 0x00000000c3300000|100%| O|  |TAMS 0x00000000c3300000| PB 0x00000000c3300000| Untracked 
|  51|0x00000000c3300000, 0x00000000c3400000, 0x00000000c3400000|100%| O|  |TAMS 0x00000000c3400000| PB 0x00000000c3400000| Updating 
|  52|0x00000000c3400000, 0x00000000c3500000, 0x00000000c3500000|100%| O|  |TAMS 0x00000000c3500000| PB 0x00000000c3500000| Untracked 
|  53|0x00000000c3500000, 0x00000000c3600000, 0x00000000c3600000|100%| O|  |TAMS 0x00000000c3600000| PB 0x00000000c3600000| Updating 
|  54|0x00000000c3600000, 0x00000000c3700000, 0x00000000c3700000|100%| O|  |TAMS 0x00000000c3700000| PB 0x00000000c3700000| Updating 
|  55|0x00000000c3700000, 0x00000000c3800000, 0x00000000c3800000|100%| O|  |TAMS 0x00000000c3800000| PB 0x00000000c3800000| Updating 
|  56|0x00000000c3800000, 0x00000000c3900000, 0x00000000c3900000|100%| O|  |TAMS 0x00000000c3900000| PB 0x00000000c3900000| Untracked 
|  57|0x00000000c3900000, 0x00000000c3a00000, 0x00000000c3a00000|100%| O|  |TAMS 0x00000000c3a00000| PB 0x00000000c3a00000| Updating 
|  58|0x00000000c3a00000, 0x00000000c3b00000, 0x00000000c3b00000|100%| O|  |TAMS 0x00000000c3b00000| PB 0x00000000c3b00000| Untracked 
|  59|0x00000000c3b00000, 0x00000000c3c00000, 0x00000000c3c00000|100%| O|  |TAMS 0x00000000c3c00000| PB 0x00000000c3c00000| Untracked 
|  60|0x00000000c3c00000, 0x00000000c3d00000, 0x00000000c3d00000|100%| O|  |TAMS 0x00000000c3d00000| PB 0x00000000c3d00000| Untracked 
|  61|0x00000000c3d00000, 0x00000000c3e00000, 0x00000000c3e00000|100%| O|  |TAMS 0x00000000c3e00000| PB 0x00000000c3e00000| Untracked 
|  62|0x00000000c3e00000, 0x00000000c3f00000, 0x00000000c3f00000|100%| O|  |TAMS 0x00000000c3f00000| PB 0x00000000c3f00000| Untracked 
|  63|0x00000000c3f00000, 0x00000000c4000000, 0x00000000c4000000|100%| O|  |TAMS 0x00000000c4000000| PB 0x00000000c4000000| Untracked 
|  64|0x00000000c4000000, 0x00000000c4100000, 0x00000000c4100000|100%| O|  |TAMS 0x00000000c4100000| PB 0x00000000c4100000| Untracked 
|  65|0x00000000c4100000, 0x00000000c4200000, 0x00000000c4200000|100%| O|  |TAMS 0x00000000c4200000| PB 0x00000000c4200000| Untracked 
|  66|0x00000000c4200000, 0x00000000c4300000, 0x00000000c4300000|100%| O|  |TAMS 0x00000000c4300000| PB 0x00000000c4300000| Untracked 
|  67|0x00000000c4300000, 0x00000000c4400000, 0x00000000c4400000|100%| O|  |TAMS 0x00000000c4400000| PB 0x00000000c4400000| Untracked 
|  68|0x00000000c4400000, 0x00000000c4500000, 0x00000000c4500000|100%| O|  |TAMS 0x00000000c4500000| PB 0x00000000c4500000| Untracked 
|  69|0x00000000c4500000, 0x00000000c4600000, 0x00000000c4600000|100%| O|  |TAMS 0x00000000c4600000| PB 0x00000000c4600000| Untracked 
|  70|0x00000000c4600000, 0x00000000c4700000, 0x00000000c4700000|100%| O|  |TAMS 0x00000000c4700000| PB 0x00000000c4700000| Untracked 
|  71|0x00000000c4700000, 0x00000000c4800000, 0x00000000c4800000|100%| O|  |TAMS 0x00000000c4800000| PB 0x00000000c4800000| Untracked 
|  72|0x00000000c4800000, 0x00000000c4900000, 0x00000000c4900000|100%| O|  |TAMS 0x00000000c4800000| PB 0x00000000c4800000| Untracked 
|  73|0x00000000c4900000, 0x00000000c4a00000, 0x00000000c4a00000|100%| O|  |TAMS 0x00000000c4900000| PB 0x00000000c4900000| Untracked 
|  74|0x00000000c4a00000, 0x00000000c4b00000, 0x00000000c4b00000|100%| O|  |TAMS 0x00000000c4b00000| PB 0x00000000c4b00000| Untracked 
|  75|0x00000000c4b00000, 0x00000000c4c00000, 0x00000000c4c00000|100%| O|  |TAMS 0x00000000c4c00000| PB 0x00000000c4c00000| Untracked 
|  76|0x00000000c4c00000, 0x00000000c4d00000, 0x00000000c4d00000|100%| O|  |TAMS 0x00000000c4d00000| PB 0x00000000c4d00000| Untracked 
|  77|0x00000000c4d00000, 0x00000000c4e00000, 0x00000000c4e00000|100%| O|  |TAMS 0x00000000c4e00000| PB 0x00000000c4e00000| Untracked 
|  78|0x00000000c4e00000, 0x00000000c4f00000, 0x00000000c4f00000|100%| O|  |TAMS 0x00000000c4f00000| PB 0x00000000c4f00000| Untracked 
|  79|0x00000000c4f00000, 0x00000000c5000000, 0x00000000c5000000|100%| O|  |TAMS 0x00000000c5000000| PB 0x00000000c5000000| Untracked 
|  80|0x00000000c5000000, 0x00000000c5100000, 0x00000000c5100000|100%| O|  |TAMS 0x00000000c5100000| PB 0x00000000c5100000| Untracked 
|  81|0x00000000c5100000, 0x00000000c5200000, 0x00000000c5200000|100%| O|  |TAMS 0x00000000c5200000| PB 0x00000000c5200000| Untracked 
|  82|0x00000000c5200000, 0x00000000c5300000, 0x00000000c5300000|100%| O|  |TAMS 0x00000000c5300000| PB 0x00000000c5300000| Untracked 
|  83|0x00000000c5300000, 0x00000000c5400000, 0x00000000c5400000|100%| O|  |TAMS 0x00000000c5400000| PB 0x00000000c5400000| Untracked 
|  84|0x00000000c5400000, 0x00000000c5500000, 0x00000000c5500000|100%| O|  |TAMS 0x00000000c5500000| PB 0x00000000c5500000| Untracked 
|  85|0x00000000c5500000, 0x00000000c5600000, 0x00000000c5600000|100%| O|  |TAMS 0x00000000c5600000| PB 0x00000000c5600000| Untracked 
|  86|0x00000000c5600000, 0x00000000c5700000, 0x00000000c5700000|100%| O|  |TAMS 0x00000000c5700000| PB 0x00000000c5700000| Untracked 
|  87|0x00000000c5700000, 0x00000000c5800000, 0x00000000c5800000|100%| O|  |TAMS 0x00000000c5800000| PB 0x00000000c5800000| Untracked 
|  88|0x00000000c5800000, 0x00000000c5900000, 0x00000000c5900000|100%| O|  |TAMS 0x00000000c5800000| PB 0x00000000c5800000| Untracked 
|  89|0x00000000c5900000, 0x00000000c5a00000, 0x00000000c5a00000|100%| O|  |TAMS 0x00000000c5900000| PB 0x00000000c5900000| Untracked 
|  90|0x00000000c5a00000, 0x00000000c5b00000, 0x00000000c5b00000|100%| O|  |TAMS 0x00000000c5b00000| PB 0x00000000c5b00000| Updating 
|  91|0x00000000c5b00000, 0x00000000c5c00000, 0x00000000c5c00000|100%| O|  |TAMS 0x00000000c5c00000| PB 0x00000000c5c00000| Untracked 
|  92|0x00000000c5c00000, 0x00000000c5d00000, 0x00000000c5d00000|100%| O|  |TAMS 0x00000000c5d00000| PB 0x00000000c5d00000| Untracked 
|  93|0x00000000c5d00000, 0x00000000c5e00000, 0x00000000c5e00000|100%| O|  |TAMS 0x00000000c5e00000| PB 0x00000000c5e00000| Updating 
|  94|0x00000000c5e00000, 0x00000000c5f00000, 0x00000000c5f00000|100%| O|  |TAMS 0x00000000c5f00000| PB 0x00000000c5f00000| Untracked 
|  95|0x00000000c5f00000, 0x00000000c6000000, 0x00000000c6000000|100%| O|  |TAMS 0x00000000c6000000| PB 0x00000000c6000000| Untracked 
|  96|0x00000000c6000000, 0x00000000c6100000, 0x00000000c6100000|100%| O|  |TAMS 0x00000000c6100000| PB 0x00000000c6100000| Updating 
|  97|0x00000000c6100000, 0x00000000c6200000, 0x00000000c6200000|100%| O|  |TAMS 0x00000000c6200000| PB 0x00000000c6200000| Updating 
|  98|0x00000000c6200000, 0x00000000c6300000, 0x00000000c6300000|100%| O|  |TAMS 0x00000000c6300000| PB 0x00000000c6300000| Updating 
|  99|0x00000000c6300000, 0x00000000c6400000, 0x00000000c6400000|100%| O|  |TAMS 0x00000000c6400000| PB 0x00000000c6400000| Untracked 
| 100|0x00000000c6400000, 0x00000000c6500000, 0x00000000c6500000|100%| O|  |TAMS 0x00000000c6500000| PB 0x00000000c6500000| Untracked 
| 101|0x00000000c6500000, 0x00000000c6600000, 0x00000000c6600000|100%| O|  |TAMS 0x00000000c6600000| PB 0x00000000c6600000| Untracked 
| 102|0x00000000c6600000, 0x00000000c6700000, 0x00000000c6700000|100%| O|  |TAMS 0x00000000c6700000| PB 0x00000000c6700000| Untracked 
| 103|0x00000000c6700000, 0x00000000c6800000, 0x00000000c6800000|100%| O|  |TAMS 0x00000000c6800000| PB 0x00000000c6800000| Untracked 
| 104|0x00000000c6800000, 0x00000000c6900000, 0x00000000c6900000|100%| O|  |TAMS 0x00000000c6900000| PB 0x00000000c6900000| Untracked 
| 105|0x00000000c6900000, 0x00000000c6a00000, 0x00000000c6a00000|100%| O|  |TAMS 0x00000000c6a00000| PB 0x00000000c6a00000| Untracked 
| 106|0x00000000c6a00000, 0x00000000c6b00000, 0x00000000c6b00000|100%| O|  |TAMS 0x00000000c6b00000| PB 0x00000000c6b00000| Untracked 
| 107|0x00000000c6b00000, 0x00000000c6c00000, 0x00000000c6c00000|100%| O|  |TAMS 0x00000000c6c00000| PB 0x00000000c6c00000| Untracked 
| 108|0x00000000c6c00000, 0x00000000c6d00000, 0x00000000c6d00000|100%| O|  |TAMS 0x00000000c6d00000| PB 0x00000000c6d00000| Untracked 
| 109|0x00000000c6d00000, 0x00000000c6e00000, 0x00000000c6e00000|100%| O|  |TAMS 0x00000000c6e00000| PB 0x00000000c6e00000| Untracked 
| 110|0x00000000c6e00000, 0x00000000c6f00000, 0x00000000c6f00000|100%| O|  |TAMS 0x00000000c6f00000| PB 0x00000000c6f00000| Untracked 
| 111|0x00000000c6f00000, 0x00000000c7000000, 0x00000000c7000000|100%| O|  |TAMS 0x00000000c7000000| PB 0x00000000c7000000| Untracked 
| 112|0x00000000c7000000, 0x00000000c7100000, 0x00000000c7100000|100%| O|  |TAMS 0x00000000c7100000| PB 0x00000000c7100000| Untracked 
| 113|0x00000000c7100000, 0x00000000c7200000, 0x00000000c7200000|100%| O|  |TAMS 0x00000000c7200000| PB 0x00000000c7200000| Untracked 
| 114|0x00000000c7200000, 0x00000000c7300000, 0x00000000c7300000|100%| O|  |TAMS 0x00000000c7300000| PB 0x00000000c7300000| Untracked 
| 115|0x00000000c7300000, 0x00000000c7400000, 0x00000000c7400000|100%| O|  |TAMS 0x00000000c7400000| PB 0x00000000c7400000| Updating 
| 116|0x00000000c7400000, 0x00000000c7500000, 0x00000000c7500000|100%| O|  |TAMS 0x00000000c7500000| PB 0x00000000c7500000| Updating 
| 117|0x00000000c7500000, 0x00000000c7600000, 0x00000000c7600000|100%| O|  |TAMS 0x00000000c7500000| PB 0x00000000c7500000| Untracked 
| 118|0x00000000c7600000, 0x00000000c7700000, 0x00000000c7700000|100%| O|  |TAMS 0x00000000c7600000| PB 0x00000000c7600000| Untracked 
| 119|0x00000000c7700000, 0x00000000c7800000, 0x00000000c7800000|100%| O|  |TAMS 0x00000000c7700000| PB 0x00000000c7700000| Untracked 
| 120|0x00000000c7800000, 0x00000000c7900000, 0x00000000c7900000|100%| O|  |TAMS 0x00000000c7800000| PB 0x00000000c7800000| Untracked 
| 121|0x00000000c7900000, 0x00000000c7a00000, 0x00000000c7a00000|100%| O|  |TAMS 0x00000000c7900000| PB 0x00000000c7900000| Untracked 
| 122|0x00000000c7a00000, 0x00000000c7b00000, 0x00000000c7b00000|100%| O|  |TAMS 0x00000000c7a00000| PB 0x00000000c7a00000| Untracked 
| 123|0x00000000c7b00000, 0x00000000c7c00000, 0x00000000c7c00000|100%| O|  |TAMS 0x00000000c7b00000| PB 0x00000000c7b00000| Untracked 
| 124|0x00000000c7c00000, 0x00000000c7d00000, 0x00000000c7d00000|100%| O|  |TAMS 0x00000000c7c00000| PB 0x00000000c7c00000| Untracked 
| 125|0x00000000c7d00000, 0x00000000c7e00000, 0x00000000c7e00000|100%| O|  |TAMS 0x00000000c7d00000| PB 0x00000000c7d00000| Untracked 
| 126|0x00000000c7e00000, 0x00000000c7f00000, 0x00000000c7f00000|100%| O|  |TAMS 0x00000000c7e00000| PB 0x00000000c7e00000| Untracked 
| 127|0x00000000c7f00000, 0x00000000c7f00000, 0x00000000c8000000|  0%| F|  |TAMS 0x00000000c7f00000| PB 0x00000000c7f00000| Untracked 
| 128|0x00000000c8000000, 0x00000000c8000000, 0x00000000c8100000|  0%| F|  |TAMS 0x00000000c8000000| PB 0x00000000c8000000| Untracked 
| 129|0x00000000c8100000, 0x00000000c8100000, 0x00000000c8200000|  0%| F|  |TAMS 0x00000000c8100000| PB 0x00000000c8100000| Untracked 
| 130|0x00000000c8200000, 0x00000000c8200000, 0x00000000c8300000|  0%| F|  |TAMS 0x00000000c8200000| PB 0x00000000c8200000| Untracked 
| 131|0x00000000c8300000, 0x00000000c8300000, 0x00000000c8400000|  0%| F|  |TAMS 0x00000000c8300000| PB 0x00000000c8300000| Untracked 
| 132|0x00000000c8400000, 0x00000000c8400000, 0x00000000c8500000|  0%| F|  |TAMS 0x00000000c8400000| PB 0x00000000c8400000| Untracked 
| 133|0x00000000c8500000, 0x00000000c8500000, 0x00000000c8600000|  0%| F|  |TAMS 0x00000000c8500000| PB 0x00000000c8500000| Untracked 
| 134|0x00000000c8600000, 0x00000000c8600000, 0x00000000c8700000|  0%| F|  |TAMS 0x00000000c8600000| PB 0x00000000c8600000| Untracked 
| 135|0x00000000c8700000, 0x00000000c8700000, 0x00000000c8800000|  0%| F|  |TAMS 0x00000000c8700000| PB 0x00000000c8700000| Untracked 
| 136|0x00000000c8800000, 0x00000000c8800000, 0x00000000c8900000|  0%| F|  |TAMS 0x00000000c8800000| PB 0x00000000c8800000| Untracked 
| 137|0x00000000c8900000, 0x00000000c8900000, 0x00000000c8a00000|  0%| F|  |TAMS 0x00000000c8900000| PB 0x00000000c8900000| Untracked 
| 138|0x00000000c8a00000, 0x00000000c8a00000, 0x00000000c8b00000|  0%| F|  |TAMS 0x00000000c8a00000| PB 0x00000000c8a00000| Untracked 
| 139|0x00000000c8b00000, 0x00000000c8b00000, 0x00000000c8c00000|  0%| F|  |TAMS 0x00000000c8b00000| PB 0x00000000c8b00000| Untracked 
| 140|0x00000000c8c00000, 0x00000000c8c00000, 0x00000000c8d00000|  0%| F|  |TAMS 0x00000000c8c00000| PB 0x00000000c8c00000| Untracked 
| 141|0x00000000c8d00000, 0x00000000c8d00000, 0x00000000c8e00000|  0%| F|  |TAMS 0x00000000c8d00000| PB 0x00000000c8d00000| Untracked 
| 142|0x00000000c8e00000, 0x00000000c8e00000, 0x00000000c8f00000|  0%| F|  |TAMS 0x00000000c8e00000| PB 0x00000000c8e00000| Untracked 
| 143|0x00000000c8f00000, 0x00000000c8f00000, 0x00000000c9000000|  0%| F|  |TAMS 0x00000000c8f00000| PB 0x00000000c8f00000| Untracked 
| 144|0x00000000c9000000, 0x00000000c9000000, 0x00000000c9100000|  0%| F|  |TAMS 0x00000000c9000000| PB 0x00000000c9000000| Untracked 
| 145|0x00000000c9100000, 0x00000000c9200000, 0x00000000c9200000|100%| S|CS|TAMS 0x00000000c9100000| PB 0x00000000c9100000| Complete 
| 146|0x00000000c9200000, 0x00000000c9300000, 0x00000000c9300000|100%| S|CS|TAMS 0x00000000c9200000| PB 0x00000000c9200000| Complete 
| 147|0x00000000c9300000, 0x00000000c9400000, 0x00000000c9400000|100%| S|CS|TAMS 0x00000000c9300000| PB 0x00000000c9300000| Complete 
| 148|0x00000000c9400000, 0x00000000c9500000, 0x00000000c9500000|100%| S|CS|TAMS 0x00000000c9400000| PB 0x00000000c9400000| Complete 
| 149|0x00000000c9500000, 0x00000000c9500000, 0x00000000c9600000|  0%| F|  |TAMS 0x00000000c9500000| PB 0x00000000c9500000| Untracked 
| 150|0x00000000c9600000, 0x00000000c9600000, 0x00000000c9700000|  0%| F|  |TAMS 0x00000000c9600000| PB 0x00000000c9600000| Untracked 
| 151|0x00000000c9700000, 0x00000000c9700000, 0x00000000c9800000|  0%| F|  |TAMS 0x00000000c9700000| PB 0x00000000c9700000| Untracked 
| 152|0x00000000c9800000, 0x00000000c9800000, 0x00000000c9900000|  0%| F|  |TAMS 0x00000000c9800000| PB 0x00000000c9800000| Untracked 
| 153|0x00000000c9900000, 0x00000000c9900000, 0x00000000c9a00000|  0%| F|  |TAMS 0x00000000c9900000| PB 0x00000000c9900000| Untracked 
| 154|0x00000000c9a00000, 0x00000000c9a00000, 0x00000000c9b00000|  0%| F|  |TAMS 0x00000000c9a00000| PB 0x00000000c9a00000| Untracked 
| 155|0x00000000c9b00000, 0x00000000c9b00000, 0x00000000c9c00000|  0%| F|  |TAMS 0x00000000c9b00000| PB 0x00000000c9b00000| Untracked 
| 156|0x00000000c9c00000, 0x00000000c9c00000, 0x00000000c9d00000|  0%| F|  |TAMS 0x00000000c9c00000| PB 0x00000000c9c00000| Untracked 
| 157|0x00000000c9d00000, 0x00000000c9d00000, 0x00000000c9e00000|  0%| F|  |TAMS 0x00000000c9d00000| PB 0x00000000c9d00000| Untracked 
| 158|0x00000000c9e00000, 0x00000000c9e00000, 0x00000000c9f00000|  0%| F|  |TAMS 0x00000000c9e00000| PB 0x00000000c9e00000| Untracked 
| 159|0x00000000c9f00000, 0x00000000c9f00000, 0x00000000ca000000|  0%| F|  |TAMS 0x00000000c9f00000| PB 0x00000000c9f00000| Untracked 
| 160|0x00000000ca000000, 0x00000000ca000000, 0x00000000ca100000|  0%| F|  |TAMS 0x00000000ca000000| PB 0x00000000ca000000| Untracked 
| 161|0x00000000ca100000, 0x00000000ca100000, 0x00000000ca200000|  0%| F|  |TAMS 0x00000000ca100000| PB 0x00000000ca100000| Untracked 
| 162|0x00000000ca200000, 0x00000000ca200000, 0x00000000ca300000|  0%| F|  |TAMS 0x00000000ca200000| PB 0x00000000ca200000| Untracked 
| 163|0x00000000ca300000, 0x00000000ca300000, 0x00000000ca400000|  0%| F|  |TAMS 0x00000000ca300000| PB 0x00000000ca300000| Untracked 
| 164|0x00000000ca400000, 0x00000000ca400000, 0x00000000ca500000|  0%| F|  |TAMS 0x00000000ca400000| PB 0x00000000ca400000| Untracked 
| 165|0x00000000ca500000, 0x00000000ca500000, 0x00000000ca600000|  0%| F|  |TAMS 0x00000000ca500000| PB 0x00000000ca500000| Untracked 
| 166|0x00000000ca600000, 0x00000000ca600000, 0x00000000ca700000|  0%| F|  |TAMS 0x00000000ca600000| PB 0x00000000ca600000| Untracked 
| 167|0x00000000ca700000, 0x00000000ca700000, 0x00000000ca800000|  0%| F|  |TAMS 0x00000000ca700000| PB 0x00000000ca700000| Untracked 
| 168|0x00000000ca800000, 0x00000000ca866bf0, 0x00000000ca900000| 40%| E|  |TAMS 0x00000000ca800000| PB 0x00000000ca800000| Complete 
|1013|0x00000000ff500000, 0x00000000ff600000, 0x00000000ff600000|100%| E|CS|TAMS 0x00000000ff500000| PB 0x00000000ff500000| Complete 
|1014|0x00000000ff600000, 0x00000000ff700000, 0x00000000ff700000|100%| O|  |TAMS 0x00000000ff700000| PB 0x00000000ff700000| Updating 
|1015|0x00000000ff700000, 0x00000000ff800000, 0x00000000ff800000|100%| O|  |TAMS 0x00000000ff800000| PB 0x00000000ff800000| Untracked 
|1016|0x00000000ff800000, 0x00000000ff900000, 0x00000000ff900000|100%| O|  |TAMS 0x00000000ff900000| PB 0x00000000ff900000| Untracked 
|1017|0x00000000ff900000, 0x00000000ffa00000, 0x00000000ffa00000|100%| O|  |TAMS 0x00000000ffa00000| PB 0x00000000ffa00000| Untracked 
|1018|0x00000000ffa00000, 0x00000000ffb00000, 0x00000000ffb00000|100%| O|  |TAMS 0x00000000ffb00000| PB 0x00000000ffb00000| Untracked 
|1019|0x00000000ffb00000, 0x00000000ffc00000, 0x00000000ffc00000|100%| O|  |TAMS 0x00000000ffc00000| PB 0x00000000ffc00000| Untracked 
|1020|0x00000000ffc00000, 0x00000000ffd00000, 0x00000000ffd00000|100%| O|  |TAMS 0x00000000ffd00000| PB 0x00000000ffd00000| Untracked 
|1021|0x00000000ffd00000, 0x00000000ffe00000, 0x00000000ffe00000|100%| O|  |TAMS 0x00000000ffe00000| PB 0x00000000ffe00000| Untracked 
|1022|0x00000000ffe00000, 0x00000000fff00000, 0x00000000fff00000|100%| O|  |TAMS 0x00000000fff00000| PB 0x00000000fff00000| Untracked 
|1023|0x00000000fff00000, 0x0000000100000000, 0x0000000100000000|100%| O|  |TAMS 0x0000000100000000| PB 0x0000000100000000| Untracked 

Card table byte_map: [0x000001e9989c0000,0x000001e998bc0000] _byte_map_base: 0x000001e9983c0000

Marking Bits: (CMBitMap*) 0x000001e98d3ac2b0
 Bits: [0x000001e998bc0000, 0x000001e999bc0000)

Polling page: 0x000001e98b2b0000

Metaspace:

Usage:
  Non-class:     78.64 MB used.
      Class:     13.41 MB used.
       Both:     92.05 MB used.

Virtual space:
  Non-class space:      128.00 MB reserved,      79.75 MB ( 62%) committed,  2 nodes.
      Class space:        1.00 GB reserved,      14.06 MB (  1%) committed,  1 nodes.
             Both:        1.12 GB reserved,      93.81 MB (  8%) committed. 

Chunk freelists:
   Non-Class:  904.00 KB
       Class:  2.31 MB
        Both:  3.19 MB

MaxMetaspaceSize: unlimited
CompressedClassSpaceSize: 1.00 GB
Initial GC threshold: 21.00 MB
Current GC threshold: 156.38 MB
CDS: on
 - commit_granule_bytes: 65536.
 - commit_granule_words: 8192.
 - virtual_space_node_default_size: 8388608.
 - enlarge_chunks_in_place: 1.
 - use_allocation_guard: 0.


Internal statistics:

num_allocs_failed_limit: 9.
num_arena_births: 1802.
num_arena_deaths: 744.
num_vsnodes_births: 3.
num_vsnodes_deaths: 0.
num_space_committed: 1501.
num_space_uncommitted: 0.
num_chunks_returned_to_freelist: 853.
num_chunks_taken_from_freelist: 5251.
num_chunk_merges: 234.
num_chunk_splits: 3767.
num_chunks_enlarged: 2859.
num_inconsistent_stats: 0.

CodeCache: size=49152Kb used=13572Kb max_used=16540Kb free=35579Kb
 bounds [0x000001e9957c0000, 0x000001e996850000, 0x000001e9987c0000]
 total_blobs=7867 nmethods=7067 adapters=722
 compilation: enabled
              stopped_count=0, restarted_count=0
 full_count=0

Compilation events (20 events):
Event: 55.267 Thread 0x000001e99c2779b0 10097       1       java.io.ObjectStreamClass$FieldReflector::setPrimFieldValues (329 bytes)
Event: 55.268 Thread 0x000001e99c2779b0 nmethod 10097 0x000001e995a16d90 code [0x000001e995a16fe0, 0x000001e995a17778]
Event: 55.268 Thread 0x000001e99c2779b0 10098       1       java.lang.ClassValue$Entry::isPromise (14 bytes)
Event: 55.268 Thread 0x000001e99c2779b0 nmethod 10098 0x000001e9965de590 code [0x000001e9965de720, 0x000001e9965de7f8]
Event: 55.268 Thread 0x000001e99c2779b0 10099       1       java.rmi.server.UID::hashCode (11 bytes)
Event: 55.268 Thread 0x000001e99c2779b0 nmethod 10099 0x000001e9965de290 code [0x000001e9965de420, 0x000001e9965de4f0]
Event: 55.590 Thread 0x000001e99c2779b0 10100       1       java.time.Duration::create (23 bytes)
Event: 55.591 Thread 0x000001e99c2779b0 nmethod 10100 0x000001e9963a4b10 code [0x000001e9963a4cc0, 0x000001e9963a4e18]
Event: 55.591 Thread 0x000001e99c2779b0 10101       1       java.time.Duration::<init> (15 bytes)
Event: 55.591 Thread 0x000001e99c2779b0 nmethod 10101 0x000001e9963a4810 code [0x000001e9963a49a0, 0x000001e9963a4a70]
Event: 55.857 Thread 0x000001e99c2779b0 10102       1       sun.management.LazyCompositeData::<init> (5 bytes)
Event: 55.857 Thread 0x000001e99c2779b0 nmethod 10102 0x000001e995a03490 code [0x000001e995a03620, 0x000001e995a036e8]
Event: 55.957 Thread 0x000001e99c2779b0 10103       1       java.lang.reflect.Field::getOverrideFieldAccessor (18 bytes)
Event: 55.957 Thread 0x000001e99c2779b0 nmethod 10103 0x000001e9958c9410 code [0x000001e9958c95c0, 0x000001e9958c96b0]
Event: 55.958 Thread 0x000001e99c2779b0 10104       1       java.lang.invoke.LambdaForm$MH/0x000001e99ed6c000::invoke (44 bytes)
Event: 55.958 Thread 0x000001e99c2779b0 nmethod 10104 0x000001e995a8ba90 code [0x000001e995a8bc60, 0x000001e995a8bf98]
Event: 57.413 Thread 0x000001e99c2779b0 10105       1       java.util.concurrent.locks.AbstractQueuedSynchronizer$ConditionObject::signal (34 bytes)
Event: 57.414 Thread 0x000001e99c2779b0 nmethod 10105 0x000001e9958d0d10 code [0x000001e9958d0ee0, 0x000001e9958d10c0]
Event: 57.450 Thread 0x000001e99c2779b0 10106       1       java.util.Collections$UnmodifiableCollection::stream (10 bytes)
Event: 57.451 Thread 0x000001e99c2779b0 nmethod 10106 0x000001e9958e1790 code [0x000001e9958e1940, 0x000001e9958e1a38]

GC Heap History (20 events):
Event: 12.925 GC heap before
{Heap before GC invocations=29 (full 0):
 garbage-first heap   total 89088K, used 79616K [0x00000000c0000000, 0x0000000100000000)
  region size 1024K, 30 young (30720K), 4 survivors (4096K)
 Metaspace       used 91185K, committed 92224K, reserved 1179648K
  class space    used 13302K, committed 13760K, reserved 1048576K
}
Event: 12.929 GC heap after
{Heap after GC invocations=30 (full 0):
 garbage-first heap   total 89088K, used 55242K [0x00000000c0000000, 0x0000000100000000)
  region size 1024K, 2 young (2048K), 2 survivors (2048K)
 Metaspace       used 91185K, committed 92224K, reserved 1179648K
  class space    used 13302K, committed 13760K, reserved 1048576K
}
Event: 19.097 GC heap before
{Heap before GC invocations=31 (full 0):
 garbage-first heap   total 94208K, used 79818K [0x00000000c0000000, 0x0000000100000000)
  region size 1024K, 27 young (27648K), 2 survivors (2048K)
 Metaspace       used 93691K, committed 94720K, reserved 1179648K
  class space    used 13707K, committed 14144K, reserved 1048576K
}
Event: 19.105 GC heap after
{Heap after GC invocations=32 (full 0):
 garbage-first heap   total 94208K, used 57337K [0x00000000c0000000, 0x0000000100000000)
  region size 1024K, 4 young (4096K), 4 survivors (4096K)
 Metaspace       used 93691K, committed 94720K, reserved 1179648K
  class space    used 13707K, committed 14144K, reserved 1048576K
}
Event: 53.525 GC heap before
{Heap before GC invocations=32 (full 0):
 garbage-first heap   total 94208K, used 82937K [0x00000000c0000000, 0x0000000100000000)
  region size 1024K, 30 young (30720K), 4 survivors (4096K)
 Metaspace       used 94982K, committed 96064K, reserved 1179648K
  class space    used 13922K, committed 14400K, reserved 1048576K
}
Event: 53.530 GC heap after
{Heap after GC invocations=33 (full 0):
 garbage-first heap   total 94208K, used 57675K [0x00000000c0000000, 0x0000000100000000)
  region size 1024K, 2 young (2048K), 2 survivors (2048K)
 Metaspace       used 94982K, committed 96064K, reserved 1179648K
  class space    used 13922K, committed 14400K, reserved 1048576K
}
Event: 54.397 GC heap before
{Heap before GC invocations=33 (full 0):
 garbage-first heap   total 94208K, used 85323K [0x00000000c0000000, 0x0000000100000000)
  region size 1024K, 29 young (29696K), 2 survivors (2048K)
 Metaspace       used 94982K, committed 96064K, reserved 1179648K
  class space    used 13922K, committed 14400K, reserved 1048576K
}
Event: 54.404 GC heap after
{Heap after GC invocations=34 (full 0):
 garbage-first heap   total 105472K, used 75178K [0x00000000c0000000, 0x0000000100000000)
  region size 1024K, 4 young (4096K), 4 survivors (4096K)
 Metaspace       used 94982K, committed 96064K, reserved 1179648K
  class space    used 13922K, committed 14400K, reserved 1048576K
}
Event: 54.838 GC heap before
{Heap before GC invocations=35 (full 0):
 garbage-first heap   total 130048K, used 90538K [0x00000000c0000000, 0x0000000100000000)
  region size 1024K, 19 young (19456K), 4 survivors (4096K)
 Metaspace       used 94302K, committed 96064K, reserved 1179648K
  class space    used 13747K, committed 14400K, reserved 1048576K
}
Event: 54.844 GC heap after
{Heap after GC invocations=36 (full 0):
 garbage-first heap   total 130048K, used 85897K [0x00000000c0000000, 0x0000000100000000)
  region size 1024K, 3 young (3072K), 3 survivors (3072K)
 Metaspace       used 94302K, committed 96064K, reserved 1179648K
  class space    used 13747K, committed 14400K, reserved 1048576K
}
Event: 55.580 GC heap before
{Heap before GC invocations=36 (full 0):
 garbage-first heap   total 130048K, used 106377K [0x00000000c0000000, 0x0000000100000000)
  region size 1024K, 23 young (23552K), 3 survivors (3072K)
 Metaspace       used 94313K, committed 96064K, reserved 1179648K
  class space    used 13749K, committed 14400K, reserved 1048576K
}
Event: 55.590 GC heap after
{Heap after GC invocations=37 (full 0):
 garbage-first heap   total 130048K, used 96256K [0x00000000c0000000, 0x0000000100000000)
  region size 1024K, 3 young (3072K), 3 survivors (3072K)
 Metaspace       used 94313K, committed 96064K, reserved 1179648K
  class space    used 13749K, committed 14400K, reserved 1048576K
}
Event: 55.851 GC heap before
{Heap before GC invocations=37 (full 0):
 garbage-first heap   total 130048K, used 110592K [0x00000000c0000000, 0x0000000100000000)
  region size 1024K, 17 young (17408K), 3 survivors (3072K)
 Metaspace       used 94313K, committed 96064K, reserved 1179648K
  class space    used 13749K, committed 14400K, reserved 1048576K
}
Event: 55.856 GC heap after
{Heap after GC invocations=38 (full 0):
 garbage-first heap   total 130048K, used 106496K [0x00000000c0000000, 0x0000000100000000)
  region size 1024K, 3 young (3072K), 3 survivors (3072K)
 Metaspace       used 94313K, committed 96064K, reserved 1179648K
  class space    used 13749K, committed 14400K, reserved 1048576K
}
Event: 56.042 GC heap before
{Heap before GC invocations=39 (full 0):
 garbage-first heap   total 184320K, used 115712K [0x00000000c0000000, 0x0000000100000000)
  region size 1024K, 12 young (12288K), 3 survivors (3072K)
 Metaspace       used 94263K, committed 96064K, reserved 1179648K
  class space    used 13736K, committed 14400K, reserved 1048576K
}
Event: 56.046 GC heap after
{Heap after GC invocations=40 (full 0):
 garbage-first heap   total 184320K, used 113006K [0x00000000c0000000, 0x0000000100000000)
  region size 1024K, 2 young (2048K), 2 survivors (2048K)
 Metaspace       used 94263K, committed 96064K, reserved 1179648K
  class space    used 13736K, committed 14400K, reserved 1048576K
}
Event: 57.029 GC heap before
{Heap before GC invocations=40 (full 0):
 garbage-first heap   total 184320K, used 141678K [0x00000000c0000000, 0x0000000100000000)
  region size 1024K, 30 young (30720K), 2 survivors (2048K)
 Metaspace       used 94263K, committed 96064K, reserved 1179648K
  class space    used 13736K, committed 14400K, reserved 1048576K
}
Event: 57.036 GC heap after
{Heap after GC invocations=41 (full 0):
 garbage-first heap   total 184320K, used 130048K [0x00000000c0000000, 0x0000000100000000)
  region size 1024K, 4 young (4096K), 4 survivors (4096K)
 Metaspace       used 94263K, committed 96064K, reserved 1179648K
  class space    used 13736K, committed 14400K, reserved 1048576K
}
Event: 57.442 GC heap before
{Heap before GC invocations=41 (full 0):
 garbage-first heap   total 184320K, used 151552K [0x00000000c0000000, 0x0000000100000000)
  region size 1024K, 25 young (25600K), 4 survivors (4096K)
 Metaspace       used 94263K, committed 96064K, reserved 1179648K
  class space    used 13736K, committed 14400K, reserved 1048576K
}
Event: 57.448 GC heap after
{Heap after GC invocations=42 (full 0):
 garbage-first heap   total 184320K, used 144384K [0x00000000c0000000, 0x0000000100000000)
  region size 1024K, 4 young (4096K), 4 survivors (4096K)
 Metaspace       used 94263K, committed 96064K, reserved 1179648K
  class space    used 13736K, committed 14400K, reserved 1048576K
}

Dll operation events (14 events):
Event: 0.012 Loaded shared library C:\Program Files\Java\jdk-21\bin\java.dll
Event: 0.154 Loaded shared library C:\Program Files\Java\jdk-21\bin\zip.dll
Event: 0.157 Loaded shared library C:\Program Files\Java\jdk-21\bin\instrument.dll
Event: 0.160 Loaded shared library C:\Program Files\Java\jdk-21\bin\net.dll
Event: 0.161 Loaded shared library C:\Program Files\Java\jdk-21\bin\nio.dll
Event: 0.163 Loaded shared library C:\Program Files\Java\jdk-21\bin\zip.dll
Event: 0.220 Loaded shared library C:\Program Files\Java\jdk-21\bin\jimage.dll
Event: 0.321 Loaded shared library C:\Program Files\JetBrains\IntelliJ IDEA 2023.3.4\bin\breakgen64.dll
Event: 0.328 Loaded shared library C:\Program Files\Java\jdk-21\bin\extnet.dll
Event: 0.346 Loaded shared library C:\Program Files\Java\jdk-21\bin\management.dll
Event: 0.367 Loaded shared library C:\Program Files\Java\jdk-21\bin\management_ext.dll
Event: 1.646 Loaded shared library C:\Program Files\Java\jdk-21\bin\sunmscapi.dll
Event: 4.101 Loaded shared library C:\Program Files\Java\jdk-21\bin\verify.dll
Event: 9.143 Loaded shared library C:\Program Files\swipl\bin\jpl.dll

Deoptimization events (14 events):
Event: 3.025 Thread 0x000001e98b084820 DEOPT PACKING pc=0x000001e995ef4a0c sp=0x00000033d98fd300
Event: 3.025 Thread 0x000001e98b084820 DEOPT UNPACKING pc=0x000001e995814e42 sp=0x00000033d98fc7b8 mode 0
Event: 3.210 Thread 0x000001e98b084820 DEOPT PACKING pc=0x000001e9960e703c sp=0x00000033d98fde20
Event: 3.210 Thread 0x000001e98b084820 DEOPT UNPACKING pc=0x000001e995814e42 sp=0x00000033d98fd3c8 mode 0
Event: 8.337 Thread 0x000001e98b084820 DEOPT PACKING pc=0x000001e995da7d9c sp=0x00000033d98fd240
Event: 8.337 Thread 0x000001e98b084820 DEOPT UNPACKING pc=0x000001e995814e42 sp=0x00000033d98fc798 mode 0
Event: 8.944 Thread 0x000001e98b084820 DEOPT PACKING pc=0x000001e995db98d9 sp=0x00000033d98fd260
Event: 8.944 Thread 0x000001e98b084820 DEOPT UNPACKING pc=0x000001e995814e42 sp=0x00000033d98fc768 mode 3
Event: 8.946 Thread 0x000001e98b084820 DEOPT PACKING pc=0x000001e995d79caa sp=0x00000033d98fd220
Event: 8.946 Thread 0x000001e98b084820 DEOPT UNPACKING pc=0x000001e995814e42 sp=0x00000033d98fc768 mode 3
Event: 12.360 Thread 0x000001e98b084820 DEOPT PACKING pc=0x000001e995d24c3c sp=0x00000033d98fddc0
Event: 12.360 Thread 0x000001e98b084820 DEOPT UNPACKING pc=0x000001e995814e42 sp=0x00000033d98fd268 mode 0
Event: 12.776 Thread 0x000001e9e200c2c0 DEOPT PACKING pc=0x000001e9965e3014 sp=0x00000033db2fce90
Event: 12.776 Thread 0x000001e9e200c2c0 DEOPT UNPACKING pc=0x000001e995814e42 sp=0x00000033db2fc368 mode 0

Classes loaded (20 events):
Event: 18.983 Loading class java/util/package-info
Event: 18.983 Loading class java/util/package-info done
Event: 18.986 Loading class java/text/CharacterIterator
Event: 18.986 Loading class java/text/CharacterIterator done
Event: 18.987 Loading class java/text/StringCharacterIterator
Event: 18.987 Loading class java/text/StringCharacterIterator done
Event: 19.030 Loading class sun/reflect/annotation/AnnotationInvocationHandler$1
Event: 19.031 Loading class sun/reflect/annotation/AnnotationInvocationHandler$1 done
Event: 19.060 Loading class java/util/stream/ReduceOps$4
Event: 19.060 Loading class java/util/stream/ReduceOps$4 done
Event: 19.061 Loading class java/util/stream/ReduceOps$4ReducingSink
Event: 19.061 Loading class java/util/stream/ReduceOps$4ReducingSink done
Event: 20.806 Loading class java/util/concurrent/ConcurrentLinkedQueue$Itr
Event: 20.806 Loading class java/util/concurrent/ConcurrentLinkedQueue$Itr done
Event: 22.981 Loading class jdk/internal/reflect/MethodHandleFloatFieldAccessorImpl
Event: 22.981 Loading class jdk/internal/reflect/MethodHandleFloatFieldAccessorImpl done
Event: 42.396 Loading class java/lang/invoke/BoundMethodHandle$Species_LLLLLLLLLL
Event: 42.396 Loading class java/lang/invoke/BoundMethodHandle$Species_LLLLLLLLLL done
Event: 42.397 Loading class java/lang/invoke/BoundMethodHandle$Species_LLLLLLLLLLL
Event: 42.397 Loading class java/lang/invoke/BoundMethodHandle$Species_LLLLLLLLLLL done

Classes unloaded (20 events):
Event: 55.915 Thread 0x000001e99c248c00 Unloading class 0x000001e99ee0ac00 'java/lang/invoke/LambdaForm$MH+0x000001e99ee0ac00'
Event: 55.915 Thread 0x000001e99c248c00 Unloading class 0x000001e99ee0a800 'java/lang/invoke/LambdaForm$MH+0x000001e99ee0a800'
Event: 55.915 Thread 0x000001e99c248c00 Unloading class 0x000001e99ee0a400 'java/lang/invoke/LambdaForm$MH+0x000001e99ee0a400'
Event: 55.915 Thread 0x000001e99c248c00 Unloading class 0x000001e99ee0a000 'java/lang/invoke/LambdaForm$MH+0x000001e99ee0a000'
Event: 55.915 Thread 0x000001e99c248c00 Unloading class 0x000001e99ee09c00 'java/lang/invoke/LambdaForm$MH+0x000001e99ee09c00'
Event: 55.915 Thread 0x000001e99c248c00 Unloading class 0x000001e99ee09800 'java/lang/invoke/LambdaForm$BMH+0x000001e99ee09800'
Event: 55.915 Thread 0x000001e99c248c00 Unloading class 0x000001e99ee08400 'java/lang/invoke/LambdaForm$MH+0x000001e99ee08400'
Event: 55.915 Thread 0x000001e99c248c00 Unloading class 0x000001e99ee08000 'java/lang/invoke/LambdaForm$MH+0x000001e99ee08000'
Event: 55.915 Thread 0x000001e99c248c00 Unloading class 0x000001e99ee05c00 'java/lang/invoke/LambdaForm$BMH+0x000001e99ee05c00'
Event: 55.915 Thread 0x000001e99c248c00 Unloading class 0x000001e99ee04400 'java/lang/invoke/LambdaForm$MH+0x000001e99ee04400'
Event: 55.915 Thread 0x000001e99c248c00 Unloading class 0x000001e99edfdc00 'java/lang/invoke/LambdaForm$MH+0x000001e99edfdc00'
Event: 55.915 Thread 0x000001e99c248c00 Unloading class 0x000001e99edfd800 'java/lang/invoke/LambdaForm$MH+0x000001e99edfd800'
Event: 55.915 Thread 0x000001e99c248c00 Unloading class 0x000001e99edfd400 'java/lang/invoke/LambdaForm$MH+0x000001e99edfd400'
Event: 55.915 Thread 0x000001e99c248c00 Unloading class 0x000001e99edfd000 'java/lang/invoke/LambdaForm$MH+0x000001e99edfd000'
Event: 55.915 Thread 0x000001e99c248c00 Unloading class 0x000001e99edfcc00 'java/lang/invoke/LambdaForm$MH+0x000001e99edfcc00'
Event: 55.915 Thread 0x000001e99c248c00 Unloading class 0x000001e99edfc800 'java/lang/invoke/LambdaForm$MH+0x000001e99edfc800'
Event: 55.915 Thread 0x000001e99c248c00 Unloading class 0x000001e99edfc400 'java/lang/invoke/LambdaForm$MH+0x000001e99edfc400'
Event: 55.915 Thread 0x000001e99c248c00 Unloading class 0x000001e99edfc000 'java/lang/invoke/LambdaForm$MH+0x000001e99edfc000'
Event: 55.915 Thread 0x000001e99c248c00 Unloading class 0x000001e99edf5000 'java/lang/invoke/LambdaForm$BMH+0x000001e99edf5000'
Event: 55.915 Thread 0x000001e99c248c00 Unloading class 0x000001e99edf4400 'java/lang/invoke/LambdaForm$BMH+0x000001e99edf4400'

Classes redefined (0 events):
No events

Internal exceptions (20 events):
Event: 12.903 Thread 0x000001e9ea427e80 Exception <a 'java/lang/NoSuchMethodError'{0x00000000c4065dd0}: 'java.lang.Object java.lang.invoke.DirectMethodHandle$Holder.newInvokeSpecial(java.lang.Object, java.lang.Object, java.lang.Object, java.lang.Object, int)'> (0x00000000c4065dd0) 
thrown [s\open\src\hotspot\share\interpreter\linkResolver.cpp, line 773]
Event: 12.903 Thread 0x000001e9ea427e80 Exception <a 'java/lang/NoSuchMethodError'{0x00000000c4069d80}: 'java.lang.Object java.lang.invoke.DirectMethodHandle$Holder.invokeSpecial(java.lang.Object, java.lang.Object, java.lang.Object, java.lang.Object, java.lang.Object, int)'> (0x00000000c4069d80) 
thrown [s\open\src\hotspot\share\interpreter\linkResolver.cpp, line 773]
Event: 12.903 Thread 0x000001e9ea427e80 Exception <a 'java/lang/NoSuchMethodError'{0x00000000c406d5f0}: 'java.lang.Object java.lang.invoke.Invokers$Holder.linkToTargetMethod(java.lang.Object, java.lang.Object, java.lang.Object, int, java.lang.Object)'> (0x00000000c406d5f0) 
thrown [s\open\src\hotspot\share\interpreter\linkResolver.cpp, line 773]
Event: 12.905 Thread 0x000001e9e200c2c0 Exception <a 'java/lang/NoSuchMethodError'{0x00000000c3f813f8}: 'int java.lang.invoke.DirectMethodHandle$Holder.invokeInterface(java.lang.Object, java.lang.Object, int)'> (0x00000000c3f813f8) 
thrown [s\open\src\hotspot\share\interpreter\linkResolver.cpp, line 773]
Event: 18.708 Thread 0x000001e9ea35e340 Exception <a 'java/lang/NoSuchMethodError'{0x00000000c5bf3bf8}: 'java.lang.Object java.lang.invoke.DirectMethodHandle$Holder.invokeSpecial(java.lang.Object, java.lang.Object, java.lang.Object, java.lang.Object, java.lang.Object, long)'> (0x00000000c5bf3bf8) 
thrown [s\open\src\hotspot\share\interpreter\linkResolver.cpp, line 773]
Event: 18.708 Thread 0x000001e9ea35e340 Exception <a 'java/lang/NoSuchMethodError'{0x00000000c5bf73b8}: 'java.lang.Object java.lang.invoke.Invokers$Holder.linkToTargetMethod(java.lang.Object, java.lang.Object, java.lang.Object, long, java.lang.Object)'> (0x00000000c5bf73b8) 
thrown [s\open\src\hotspot\share\interpreter\linkResolver.cpp, line 773]
Event: 18.751 Thread 0x000001e9ea35e340 Exception <a 'java/lang/NoSuchMethodError'{0x00000000c59bcd98}: 'java.lang.Object java.lang.invoke.DirectMethodHandle$Holder.invokeStatic(java.lang.Object, int, int)'> (0x00000000c59bcd98) 
thrown [s\open\src\hotspot\share\interpreter\linkResolver.cpp, line 773]
Event: 22.982 Thread 0x000001e9ea425720 Exception <a 'java/lang/NoSuchMethodError'{0x00000000c47450a0}: 'float java.lang.invoke.DelegatingMethodHandle$Holder.reinvoke_L(java.lang.Object, java.lang.Object)'> (0x00000000c47450a0) 
thrown [s\open\src\hotspot\share\interpreter\linkResolver.cpp, line 773]
Event: 22.982 Thread 0x000001e9ea425720 Exception <a 'java/lang/NoSuchMethodError'{0x00000000c474fdd0}: 'void java.lang.invoke.DelegatingMethodHandle$Holder.reinvoke_L(java.lang.Object, java.lang.Object, float)'> (0x00000000c474fdd0) 
thrown [s\open\src\hotspot\share\interpreter\linkResolver.cpp, line 773]
Event: 22.988 Thread 0x000001e9ea425720 Exception <a 'java/lang/IncompatibleClassChangeError'{0x00000000c4786440}: Found class java.lang.Object, but interface was expected> (0x00000000c4786440) 
thrown [s\open\src\hotspot\share\interpreter\linkResolver.cpp, line 840]
Event: 22.998 Thread 0x000001e9ea425720 Exception <a 'java/lang/NoSuchMethodError'{0x00000000c47a26d8}: 'void java.lang.invoke.DirectMethodHandle$Holder.invokeSpecialIFC(java.lang.Object, java.lang.Object, int, java.lang.Object, java.lang.Object, java.lang.Object, java.lang.Object)'> (0x00000000c47a26d8) 
thrown [s\open\src\hotspot\share\interpreter\linkResolver.cpp, line 773]
Event: 23.021 Thread 0x000001e9ea425720 StackOverflowError at 0x000001e9966855a0
Event: 23.021 Thread 0x000001e9ea425720 Exception <a 'java/lang/StackOverflowError'{0x00000000c4652a70}> (0x00000000c4652a70) 
thrown [s\open\src\hotspot\share\runtime\sharedRuntime.cpp, line 625]
Event: 23.023 Thread 0x000001e9ea425720 Exception <a 'java/lang/NoSuchMethodError'{0x00000000c4673278}: 'float java.lang.invoke.DirectMethodHandle$Holder.invokeVirtual(java.lang.Object, java.lang.Object)'> (0x00000000c4673278) 
thrown [s\open\src\hotspot\share\interpreter\linkResolver.cpp, line 773]
Event: 42.394 Thread 0x000001e9ea42c020 Exception <a 'java/lang/NoSuchMethodError'{0x00000000c437b0c0}: 'long java.lang.invoke.DirectMethodHandle$Holder.invokeStatic(java.lang.Object, java.lang.Object, int)'> (0x00000000c437b0c0) 
thrown [s\open\src\hotspot\share\interpreter\linkResolver.cpp, line 773]
Event: 42.394 Thread 0x000001e9ea42c020 Exception <a 'java/lang/NoSuchMethodError'{0x00000000c43856d0}: 'java.lang.Object java.lang.invoke.DelegatingMethodHandle$Holder.reinvoke_L(java.lang.Object, int, int, long, java.lang.Object, long, long, long)'> (0x00000000c43856d0) 
thrown [s\open\src\hotspot\share\interpreter\linkResolver.cpp, line 773]
Event: 42.395 Thread 0x000001e9ea42c020 Exception <a 'java/lang/NoSuchMethodError'{0x00000000c43a8c28}: 'java.lang.Object java.lang.invoke.DelegatingMethodHandle$Holder.reinvoke_L(java.lang.Object, java.lang.Object, java.lang.Object, java.lang.Object, java.lang.Object, java.lang.Object, java.lang.Object, java.lang.Object, java.lang.Object, java.lang.Object, java.lang.Object, java.lang.Object, java.lang.Object, java.lang.Object, int, java.lang.Object, java.lang.Object, java.lang.Object, java.lang.Object, java.lang.Object, java.lang.Object, java.l
Event: 42.397 Thread 0x000001e9ea42c020 Exception <a 'java/lang/NoSuchMethodError'{0x00000000c43f9dc0}: 'java.lang.Object java.lang.invoke.DirectMethodHandle$Holder.invokeStatic(java.lang.Object, java.lang.Object, java.lang.Object, java.lang.Object, java.lang.Object, java.lang.Object, java.lang.Object, java.lang.Object, java.lang.Object, java.lang.Object, java.lang.Object, java.lang.Object, java.lang.Object)'> (0x00000000c43f9dc0) 
thrown [s\open\src\hotspot\share\interpreter\linkResolver.cpp, line 773]
Event: 42.397 Thread 0x000001e9ea42c020 Exception <a 'java/lang/NoSuchMethodError'{0x00000000c3e1a2b0}: 'java.lang.Object java.lang.invoke.DirectMethodHandle$Holder.invokeStatic(java.lang.Object, java.lang.Object, java.lang.Object, java.lang.Object, java.lang.Object, java.lang.Object, java.lang.Object, java.lang.Object, java.lang.Object, java.lang.Object, java.lang.Object, java.lang.Object, java.lang.Object, java.lang.Object)'> (0x00000000c3e1a2b0) 
thrown [s\open\src\hotspot\share\interpreter\linkResolver.cpp, line 773]
Event: 42.398 Thread 0x000001e9ea42c020 Exception <a 'java/lang/NoSuchMethodError'{0x00000000c3e302b8}: 'java.lang.Object java.lang.invoke.DelegatingMethodHandle$Holder.reinvoke_L(java.lang.Object, java.lang.Object, java.lang.Object, java.lang.Object, java.lang.Object, java.lang.Object, java.lang.Object, java.lang.Object, java.lang.Object, java.lang.Object, java.lang.Object, java.lang.Object, java.lang.Object, java.lang.Object, java.lang.Object, java.lang.Object, java.lang.Object, java.lang.Object, java.lang.Object, java.lang.Object, java.lang.O

ZGC Phase Switch (0 events):
No events

VM Operations (20 events):
Event: 54.447 Executing VM operation: G1PauseRemark done
Event: 54.467 Executing VM operation: G1PauseCleanup
Event: 54.467 Executing VM operation: G1PauseCleanup done
Event: 54.838 Executing VM operation: G1CollectForAllocation (G1 Evacuation Pause)
Event: 54.844 Executing VM operation: G1CollectForAllocation (G1 Evacuation Pause) done
Event: 55.580 Executing VM operation: G1CollectForAllocation (G1 Evacuation Pause)
Event: 55.590 Executing VM operation: G1CollectForAllocation (G1 Evacuation Pause) done
Event: 55.851 Executing VM operation: G1CollectForAllocation (G1 Evacuation Pause)
Event: 55.857 Executing VM operation: G1CollectForAllocation (G1 Evacuation Pause) done
Event: 55.914 Executing VM operation: G1PauseRemark
Event: 55.927 Executing VM operation: G1PauseRemark done
Event: 55.957 Executing VM operation: G1PauseCleanup
Event: 55.957 Executing VM operation: G1PauseCleanup done
Event: 56.042 Executing VM operation: G1CollectForAllocation (G1 Evacuation Pause)
Event: 56.046 Executing VM operation: G1CollectForAllocation (G1 Evacuation Pause) done
Event: 57.029 Executing VM operation: G1CollectForAllocation (G1 Evacuation Pause)
Event: 57.036 Executing VM operation: G1CollectForAllocation (G1 Evacuation Pause) done
Event: 57.442 Executing VM operation: G1CollectForAllocation (G1 Evacuation Pause)
Event: 57.448 Executing VM operation: G1CollectForAllocation (G1 Evacuation Pause) done
Event: 57.535 Executing VM operation: G1PauseRemark

Events (20 events):
Event: 55.927 Thread 0x000001e99c248c00 flushing nmethod 0x000001e99599f590
Event: 55.927 Thread 0x000001e99c248c00 flushing nmethod 0x000001e99599e710
Event: 55.927 Thread 0x000001e99c248c00 flushing nmethod 0x000001e9959a9b10
Event: 55.927 Thread 0x000001e99c248c00 flushing nmethod 0x000001e9959a8d10
Event: 55.927 Thread 0x000001e99c248c00 flushing nmethod 0x000001e9958e6790
Event: 55.927 Thread 0x000001e99c248c00 flushing nmethod 0x000001e9958e1790
Event: 55.927 Thread 0x000001e99c248c00 flushing nmethod 0x000001e995995f10
Event: 55.927 Thread 0x000001e99c248c00 flushing nmethod 0x000001e995902f10
Event: 55.927 Thread 0x000001e99c248c00 flushing nmethod 0x000001e9958d7b10
Event: 55.927 Thread 0x000001e99c248c00 flushing nmethod 0x000001e9958cfb10
Event: 55.927 Thread 0x000001e99c248c00 flushing nmethod 0x000001e9958d3590
Event: 55.927 Thread 0x000001e99c248c00 flushing nmethod 0x000001e9958d3290
Event: 55.927 Thread 0x000001e99c248c00 flushing nmethod 0x000001e9958d2f90
Event: 55.927 Thread 0x000001e99c248c00 flushing nmethod 0x000001e9958d2c90
Event: 55.927 Thread 0x000001e99c248c00 flushing nmethod 0x000001e9958e2c90
Event: 55.927 Thread 0x000001e99c248c00 flushing nmethod 0x000001e9958daf90
Event: 55.927 Thread 0x000001e99c248c00 flushing nmethod 0x000001e9958da890
Event: 55.927 Thread 0x000001e99c248c00 flushing nmethod 0x000001e9958d1b10
Event: 55.927 Thread 0x000001e99c248c00 flushing nmethod 0x000001e9958d0d10
Event: 55.927 Thread 0x000001e99c248c00 flushing nmethod 0x000001e9958c9410


Dynamic libraries:
0x00007ff7801d0000 - 0x00007ff7801e0000 	C:\Program Files\Java\jdk-21\bin\java.exe
0x00007ffd8dd50000 - 0x00007ffd8df67000 	C:\Windows\SYSTEM32\ntdll.dll
0x00007ffd8ce50000 - 0x00007ffd8cf14000 	C:\Windows\System32\KERNEL32.DLL
0x00007ffd8b380000 - 0x00007ffd8b726000 	C:\Windows\System32\KERNELBASE.dll
0x00007ffd8b090000 - 0x00007ffd8b1a1000 	C:\Windows\System32\ucrtbase.dll
0x00007ffd7dec0000 - 0x00007ffd7dedb000 	C:\Program Files\Java\jdk-21\bin\VCRUNTIME140.dll
0x00007ffd80c80000 - 0x00007ffd80c99000 	C:\Program Files\Java\jdk-21\bin\jli.dll
0x00007ffd8d390000 - 0x00007ffd8d443000 	C:\Windows\System32\ADVAPI32.dll
0x00007ffd8d200000 - 0x00007ffd8d2a7000 	C:\Windows\System32\msvcrt.dll
0x00007ffd8c800000 - 0x00007ffd8c8a8000 	C:\Windows\System32\sechost.dll
0x00007ffd8b960000 - 0x00007ffd8b988000 	C:\Windows\System32\bcrypt.dll
0x00007ffd8cf30000 - 0x00007ffd8d047000 	C:\Windows\System32\RPCRT4.dll
0x00007ffd8d050000 - 0x00007ffd8d1fe000 	C:\Windows\System32\USER32.dll
0x00007ffd8b350000 - 0x00007ffd8b376000 	C:\Windows\System32\win32u.dll
0x00007ffd8d610000 - 0x00007ffd8d639000 	C:\Windows\System32\GDI32.dll
0x00007ffd67180000 - 0x00007ffd67413000 	C:\Windows\WinSxS\amd64_microsoft.windows.common-controls_6595b64144ccf1df_6.0.22621.2506_none_270c5ae97388e100\COMCTL32.dll
0x00007ffd8b230000 - 0x00007ffd8b348000 	C:\Windows\System32\gdi32full.dll
0x00007ffd8b990000 - 0x00007ffd8ba2a000 	C:\Windows\System32\msvcp_win.dll
0x00007ffd84350000 - 0x00007ffd8435a000 	C:\Windows\SYSTEM32\VERSION.dll
0x00007ffd8c990000 - 0x00007ffd8c9c1000 	C:\Windows\System32\IMM32.DLL
0x00007ffd7deb0000 - 0x00007ffd7debc000 	C:\Program Files\Java\jdk-21\bin\vcruntime140_1.dll
0x00007ffd42a00000 - 0x00007ffd42a8e000 	C:\Program Files\Java\jdk-21\bin\msvcp140.dll
0x00007ffd29e60000 - 0x00007ffd2ab77000 	C:\Program Files\Java\jdk-21\bin\server\jvm.dll
0x00007ffd8d2b0000 - 0x00007ffd8d321000 	C:\Windows\System32\WS2_32.dll
0x00007ffd8adb0000 - 0x00007ffd8adfd000 	C:\Windows\SYSTEM32\POWRPROF.dll
0x00007ffd697f0000 - 0x00007ffd69824000 	C:\Windows\SYSTEM32\WINMM.dll
0x00007ffd8ad90000 - 0x00007ffd8ada3000 	C:\Windows\SYSTEM32\UMPDC.dll
0x00007ffd8a030000 - 0x00007ffd8a048000 	C:\Windows\SYSTEM32\kernel.appcore.dll
0x00007ffd63c50000 - 0x00007ffd63c5a000 	C:\Program Files\Java\jdk-21\bin\jimage.dll
0x00007ffd732c0000 - 0x00007ffd734f3000 	C:\Windows\SYSTEM32\DBGHELP.DLL
0x00007ffd8d7e0000 - 0x00007ffd8db69000 	C:\Windows\System32\combase.dll
0x00007ffd8c510000 - 0x00007ffd8c5e7000 	C:\Windows\System32\OLEAUT32.dll
0x00007ffd3e3e0000 - 0x00007ffd3e412000 	C:\Windows\SYSTEM32\dbgcore.DLL
0x00007ffd8b1b0000 - 0x00007ffd8b22a000 	C:\Windows\System32\bcryptPrimitives.dll
0x00007ffd47a30000 - 0x00007ffd47a3f000 	C:\Program Files\Java\jdk-21\bin\instrument.dll
0x00007ffd5d330000 - 0x00007ffd5d34f000 	C:\Program Files\Java\jdk-21\bin\java.dll
0x00007ffd8bbb0000 - 0x00007ffd8c40b000 	C:\Windows\System32\SHELL32.dll
0x00007ffd88fa0000 - 0x00007ffd89896000 	C:\Windows\SYSTEM32\windows.storage.dll
0x00007ffd88e60000 - 0x00007ffd88f9e000 	C:\Windows\SYSTEM32\wintypes.dll
0x00007ffd8c410000 - 0x00007ffd8c503000 	C:\Windows\System32\SHCORE.dll
0x00007ffd8d5b0000 - 0x00007ffd8d60e000 	C:\Windows\System32\shlwapi.dll
0x00007ffd8afc0000 - 0x00007ffd8afe6000 	C:\Windows\SYSTEM32\profapi.dll
0x00007ffd5ade0000 - 0x00007ffd5adf8000 	C:\Program Files\Java\jdk-21\bin\zip.dll
0x00007ffd5b2a0000 - 0x00007ffd5b2b0000 	C:\Program Files\Java\jdk-21\bin\net.dll
0x00007ffd836e0000 - 0x00007ffd83817000 	C:\Windows\SYSTEM32\WINHTTP.dll
0x00007ffd8a500000 - 0x00007ffd8a569000 	C:\Windows\system32\mswsock.dll
0x00007ffd5b280000 - 0x00007ffd5b296000 	C:\Program Files\Java\jdk-21\bin\nio.dll
0x00007ffd89b20000 - 0x00007ffd89c19000 	C:\Windows\SYSTEM32\DNSAPI.dll
0x00007ffd89af0000 - 0x00007ffd89b1d000 	C:\Windows\SYSTEM32\IPHLPAPI.DLL
0x00007ffd8c7f0000 - 0x00007ffd8c7f9000 	C:\Windows\System32\NSI.dll
0x00007ffd43190000 - 0x00007ffd431aa000 	C:\Program Files\JetBrains\IntelliJ IDEA 2023.3.4\bin\breakgen64.dll
0x00007ffd80cc0000 - 0x00007ffd80cca000 	C:\Windows\System32\rasadhlp.dll
0x00007ffd81a30000 - 0x00007ffd81ab3000 	C:\Windows\System32\fwpuclnt.dll
0x00007ffd47db0000 - 0x00007ffd47db9000 	C:\Program Files\Java\jdk-21\bin\extnet.dll
0x00007ffd63c40000 - 0x00007ffd63c4a000 	C:\Program Files\Java\jdk-21\bin\management.dll
0x00007ffd47a40000 - 0x00007ffd47a4b000 	C:\Program Files\Java\jdk-21\bin\management_ext.dll
0x00007ffd8cf20000 - 0x00007ffd8cf28000 	C:\Windows\System32\PSAPI.DLL
0x00007ffd8a850000 - 0x00007ffd8a86b000 	C:\Windows\SYSTEM32\CRYPTSP.dll
0x00007ffd89ff0000 - 0x00007ffd8a025000 	C:\Windows\system32\rsaenh.dll
0x00007ffd8a5a0000 - 0x00007ffd8a5cc000 	C:\Windows\SYSTEM32\USERENV.dll
0x00007ffd8a830000 - 0x00007ffd8a83c000 	C:\Windows\SYSTEM32\CRYPTBASE.dll
0x00007ffd750d0000 - 0x00007ffd750e7000 	C:\Windows\system32\napinsp.dll
0x00007ffd750b0000 - 0x00007ffd750cb000 	C:\Windows\system32\pnrpnsp.dll
0x00007ffd75090000 - 0x00007ffd750a1000 	C:\Windows\System32\winrnr.dll
0x00007ffd75070000 - 0x00007ffd75085000 	C:\Windows\system32\wshbth.dll
0x00007ffd75040000 - 0x00007ffd75061000 	C:\Windows\system32\nlansp_c.dll
0x00007ffd75aa0000 - 0x00007ffd75af0000 	C:\Windows\SYSTEM32\pdh.dll
0x00007ffd74710000 - 0x00007ffd74721000 	C:\Windows\System32\perfproc.dll
0x00007ffd750f0000 - 0x00007ffd75100000 	C:\Windows\System32\perfos.dll
0x00007ffd885b0000 - 0x00007ffd885c0000 	C:\Windows\SYSTEM32\pfclient.dll
0x00007ffd5b270000 - 0x00007ffd5b27e000 	C:\Program Files\Java\jdk-21\bin\sunmscapi.dll
0x00007ffd8b7f0000 - 0x00007ffd8b956000 	C:\Windows\System32\CRYPT32.dll
0x00007ffd8a940000 - 0x00007ffd8a96e000 	C:\Windows\SYSTEM32\ncrypt.dll
0x00007ffd8a900000 - 0x00007ffd8a937000 	C:\Windows\SYSTEM32\NTASN1.dll
0x00007ffd479f0000 - 0x00007ffd47a00000 	C:\Program Files\Java\jdk-21\bin\verify.dll
0x00007ffd69db0000 - 0x00007ffd69dcc000 	C:\Program Files\swipl\bin\jpl.dll
0x00007ffd428d0000 - 0x00007ffd428e7000 	C:\Program Files\swipl\bin\libwinpthread-1.dll
0x00007ffd28440000 - 0x00007ffd285c2000 	C:\Program Files\swipl\bin\libswipl.dll
0x00007ffd36440000 - 0x00007ffd364c6000 	C:\Program Files\swipl\bin\libgmp-10.dll
0x00007ffd34810000 - 0x00007ffd348b7000 	C:\Program Files\swipl\bin\libgcc_s_seh-1.dll
0x00007ffd3c970000 - 0x00007ffd3c996000 	C:\Program Files\swipl\bin\zlib1.dll
0x00007ffd47800000 - 0x00007ffd47808000 	C:\Windows\system32\wshunix.dll

dbghelp: loaded successfully - version: 4.0.5 - missing functions: none
symbol engine: initialized successfully - sym options: 0x614 - pdb path: .;C:\Program Files\Java\jdk-21\bin;C:\Windows\SYSTEM32;C:\Windows\WinSxS\amd64_microsoft.windows.common-controls_6595b64144ccf1df_6.0.22621.2506_none_270c5ae97388e100;C:\Program Files\Java\jdk-21\bin\server;C:\Program Files\JetBrains\IntelliJ IDEA 2023.3.4\bin;C:\Program Files\swipl\bin

VM Arguments:
jvm_args: -XX:TieredStopAtLevel=1 -Dspring.output.ansi.enabled=always -Dcom.sun.management.jmxremote -Dspring.jmx.enabled=true -Dspring.liveBeansView.mbeanDomain -Dspring.application.admin.enabled=true -Dmanagement.endpoints.jmx.exposure.include=* -javaagent:C:\Program Files\JetBrains\IntelliJ IDEA 2023.3.4\lib\idea_rt.jar=55930:C:\Program Files\JetBrains\IntelliJ IDEA 2023.3.4\bin -Dfile.encoding=UTF-8 -Dsun.stdout.encoding=UTF-8 -Dsun.stderr.encoding=UTF-8 
java_command: cr.ac.una.backend.BackendApplication
java_class_path (initial): C:\Users\isaac\Desktop\Asistente\backend\target\classes;C:\Users\isaac\.m2\repository\org\springframework\boot\spring-boot-starter-data-jpa\3.3.5\spring-boot-starter-data-jpa-3.3.5.jar;C:\Users\isaac\.m2\repository\org\springframework\boot\spring-boot-starter-aop\3.3.5\spring-boot-starter-aop-3.3.5.jar;C:\Users\isaac\.m2\repository\org\aspectj\aspectjweaver\1.9.22.1\aspectjweaver-1.9.22.1.jar;C:\Users\isaac\.m2\repository\org\springframework\boot\spring-boot-starter-jdbc\3.3.5\spring-boot-starter-jdbc-3.3.5.jar;C:\Users\isaac\.m2\repository\com\zaxxer\HikariCP\5.1.0\HikariCP-5.1.0.jar;C:\Users\isaac\.m2\repository\org\springframework\spring-jdbc\6.1.14\spring-jdbc-6.1.14.jar;C:\Users\isaac\.m2\repository\org\hibernate\orm\hibernate-core\6.5.3.Final\hibernate-core-6.5.3.Final.jar;C:\Users\isaac\.m2\repository\jakarta\persistence\jakarta.persistence-api\3.1.0\jakarta.persistence-api-3.1.0.jar;C:\Users\isaac\.m2\repository\jakarta\transaction\jakarta.transaction-api\2.0.1\jakarta.transaction-api-2.0.1.jar;C:\Users\isaac\.m2\repository\org\jboss\logging\jboss-logging\3.5.3.Final\jboss-logging-3.5.3.Final.jar;C:\Users\isaac\.m2\repository\org\hibernate\common\hibernate-commons-annotations\6.0.6.Final\hibernate-commons-annotations-6.0.6.Final.jar;C:\Users\isaac\.m2\repository\io\smallrye\jandex\3.1.2\jandex-3.1.2.jar;C:\Users\isaac\.m2\repository\com\fasterxml\classmate\1.7.0\classmate-1.7.0.jar;C:\Users\isaac\.m2\repository\net\bytebuddy\byte-buddy\1.14.19\byte-buddy-1.14.19.jar;C:\Users\isaac\.m2\repository\org\glassfish\jaxb\jaxb-runtime\4.0.5\jaxb-runtime-4.0.5.jar;C:\Users\isaac\.m2\repository\org\glassfish\jaxb\jaxb-core\4.0.5\jaxb-core-4.0.5.jar;C:\Users\isaac\.m2\repository\org\eclipse\angus\angus-activation\2.0.2\angus-activation-2.0.2.jar;C:\Users\isaac\.m2\repository\org\glassfish\jaxb\txw2\4.0.5\txw2-4.0.5.jar;C:\Users\isaac\.m2\repository\com\sun\istack\istack-commons-runtime\4.1.2\istack-commons-runtime-4.1.2.jar;C:\Users\isaac\.m2\repository\jakarta\inject\jakarta.inject-api\2.0.1\jakarta.inject-api-2.0.1.jar;C:\Users\isaac\.m2\repository\org\antlr\antlr4-runtime\4.13.0\antlr4-runtime-4.13.0.jar;C:\Users\isaac\.m2\repository\org\springframework\data\spring-data-jpa\3.3.5\spring-data-jpa-3.3.5.jar;C:\Users\isaac\.m2\repository\org\springframework\data\spring-data-commons\3.3.5\spring-data-commons-3.3.5.jar;C:\Users\isaac\.m2\repository\org\springframework\spring-orm\6.1.14\spring-orm-6.1.14.jar;C:\Users\isaac\.m2\repository\org\springframework\spring-context\6.1.14\spring-context-6.1.14.jar;C:\Users\isaac\.m2\repository\org\springframework\spring-tx\6.1.14\spring-tx-6.1.14.jar;C:\Users\isaac\.m2\repository\org\springframework\spring-beans\6.1.14\spring-beans-6.1.14.jar;C:\Users\isaac\.m2\repository\jakarta\annotation\jakarta.annotation-api\2.1.1\jakarta.annotation-api-2.1.1.jar;C:\Users\isaac\.m2\repository\org\slf4j\slf4j-api\2.0.16\slf4j-api-2.0.16.jar;C:\Users\isaac\.m2\repository\org\springframework\spring-aspects\6.1.14\spring-aspects-6.1.14.jar;C:\Users\isaac\.m2\repository\org\springframework\boot\spring-boot-starter-web\3.3.5\spring-boot-starter-web-3.3.5.jar;C:\Users\isaac\.m2\repository\org\springframework\boot\spring-boot-starter\3.3.5\spring-boot-starter-3.3.5.jar;C:\Users\isaac\.m2\repository\org\springframework\boot\spring-boot\3.3.5\spring-boot-3.3.5.jar;C:\Users\isaac\.m2\repository\org\springframework\boot\spring-boot-autoconfigure\3.3.5\spring-boot-autoconfigure-3.3.5.jar;C:\Users\isaac\.m2\repository\org\springframework\boot\spring-boot-starter-logging\3.3.5\spring-boot-starter-logging-3.3.5.jar;C:\Users\isaac\.m2\repository\ch\qos\logback\logback-classic\1.5.11\logback-classic-1.5.11.jar;C:\Users\isaac\.m2\repository\ch\qos\logback\logback-core\1.5.11\logback-core-1.5.11.jar;C:\Users\isaac\.m2\repository\org\apache\logging\log4j\log4j-to-slf4j\2.23.1\log4j-to-slf4j-2.23.1.jar;C:\Users\isaac\.m2\repository\org\apache\logging\log4j\log4j-api\2.23.1\log4j-api-2.23.1.jar;C:\Users\isaac\.m2\repository\org\slf4j\jul-to-slf4j\2.0.16\jul-to-slf4j-2.0.16.jar;C:\Users\isaac\.m2\repository\org\yaml\snakeyaml\2.2\snakeyaml-2.2.jar;C:\Users\isaac\.m2\repository\org\springframework\boot\spring-boot-starter-json\3.3.5\spring-boot-starter-json-3.3.5.jar;C:\Users\isaac\.m2\repository\com\fasterxml\jackson\core\jackson-databind\2.17.2\jackson-databind-2.17.2.jar;C:\Users\isaac\.m2\repository\com\fasterxml\jackson\datatype\jackson-datatype-jdk8\2.17.2\jackson-datatype-jdk8-2.17.2.jar;C:\Users\isaac\.m2\repository\com\fasterxml\jackson\datatype\jackson-datatype-jsr310\2.17.2\jackson-datatype-jsr310-2.17.2.jar;C:\Users\isaac\.m2\repository\com\fasterxml\jackson\module\jackson-module-parameter-names\2.17.2\jackson-module-parameter-names-2.17.2.jar;C:\Users\isaac\.m2\repository\org\springframework\boot\spring-boot-starter-tomcat\3.3.5\spring-boot-starter-tomcat-3.3.5.jar;C:\Users\isaac\.m2\repository\org\apache\tomcat\embed\tomcat-embed-core\10.1.31\tomcat-embed-core-10.1.31.jar;C:\Users\isaac\.m2\repository\org\apache\tomcat\embed\tomcat-embed-el\10.1.31\tomcat-embed-el-10.1.31.jar;C:\Users\isaac\.m2\repository\org\apache\tomcat\embed\tomcat-embed-websocket\10.1.31\tomcat-embed-websocket-10.1.31.jar;C:\Users\isaac\.m2\repository\org\springframework\spring-web\6.1.14\spring-web-6.1.14.jar;C:\Users\isaac\.m2\repository\org\springframework\spring-webmvc\6.1.14\spring-webmvc-6.1.14.jar;C:\Users\isaac\.m2\repository\org\springframework\spring-expression\6.1.14\spring-expression-6.1.14.jar;C:\Users\isaac\.m2\repository\com\mysql\mysql-connector-j\8.0.33\mysql-connector-j-8.0.33.jar;C:\Users\isaac\.m2\repository\org\projectlombok\lombok\1.18.34\lombok-1.18.34.jar;C:\Users\isaac\.m2\repository\jakarta\xml\bind\jakarta.xml.bind-api\4.0.2\jakarta.xml.bind-api-4.0.2.jar;C:\Users\isaac\.m2\repository\jakarta\activation\jakarta.activation-api\2.1.3\jakarta.activation-api-2.1.3.jar;C:\Users\isaac\.m2\repository\org\springframework\spring-core\6.1.14\spring-core-6.1.14.jar;C:\Users\isaac\.m2\repository\org\springframework\spring-jcl\6.1.14\spring-jcl-6.1.14.jar;C:\Users\isaac\.m2\repository\org\springframework\boot\spring-boot-starter-actuator\3.3.5\spring-boot-starter-actuator-3.3.5.jar;C:\Users\isaac\.m2\repository\org\springframework\boot\spring-boot-actuator-autoconfigure\3.3.5\spring-boot-actuator-autoconfigure-3.3.5.jar;C:\Users\isaac\.m2\repository\org\springframework\boot\spring-boot-actuator\3.3.5\spring-boot-actuator-3.3.5.jar;C:\Users\isaac\.m2\repository\io\micrometer\micrometer-observation\1.13.6\micrometer-observation-1.13.6.jar;C:\Users\isaac\.m2\repository\io\micrometer\micrometer-commons\1.13.6\micrometer-commons-1.13.6.jar;C:\Users\isaac\.m2\repository\io\micrometer\micrometer-jakarta9\1.13.6\micrometer-jakarta9-1.13.6.jar;C:\Users\isaac\.m2\repository\io\micrometer\micrometer-core\1.13.6\micrometer-core-1.13.6.jar;C:\Users\isaac\.m2\repository\org\hdrhistogram\HdrHistogram\2.2.2\HdrHistogram-2.2.2.jar;C:\Users\isaac\.m2\repository\org\latencyutils\LatencyUtils\2.0.3\LatencyUtils-2.0.3.jar;C:\Users\isaac\.m2\repository\org\springframework\boot\spring-boot-starter-security\3.3.5\spring-boot-starter-security-3.3.5.jar;C:\Users\isaac\.m2\repository\org\springframework\spring-aop\6.1.14\spring-aop-6.1.14.jar;C:\Users\isaac\.m2\repository\org\springframework\security\spring-security-config\6.3.4\spring-security-config-6.3.4.jar;C:\Users\isaac\.m2\repository\org\springframework\security\spring-security-core\6.3.4\spring-security-core-6.3.4.jar;C:\Users\isaac\.m2\repository\org\springframework\security\spring-security-crypto\6.3.4\spring-security-crypto-6.3.4.jar;C:\Users\isaac\.m2\repository\org\springframework\security\spring-security-web\6.3.4\spring-security-web-6.3.4.jar;C:\Users\isaac\.m2\repository\org\springframework\cloud\spring-cloud-starter-netflix-eureka-client\4.1.3\spring-cloud-starter-netflix-eureka-client-4.1.3.jar;C:\Users\isaac\.m2\repository\org\springframework\cloud\spring-cloud-starter\4.1.4\spring-cloud-starter-4.1.4.jar;C:\Users\isaac\.m2\repository\org\springframework\cloud\spring-cloud-context\4.1.4\spring-cloud-context-4.1.4.jar;C:\Users\isaac\.m2\repository\org\springframework\cloud\spring-cloud-commons\4.1.4\spring-cloud-commons-4.1.4.jar;C:\Users\isaac\.m2\repository\org\springframework\security\spring-security-rsa\1.1.3\spring-security-rsa-1.1.3.jar;C:\Users\isaac\.m2\repository\org\bouncycastle\bcprov-jdk18on\1.78\bcprov-jdk18on-1.78.jar;C:\Users\isaac\.m2\repository\org\springframework\cloud\spring-cloud-netflix-eureka-client\4.1.3\spring-cloud-netflix-eureka-client-4.1.3.jar;C:\Users\isaac\.m2\repository\org\apache\httpcomponents\client5\httpclient5\5.3.1\httpclient5-5.3.1.jar;C:\Users\isaac\.m2\repository\org\apache\httpcomponents\core5\httpcore5\5.2.5\httpcore5-5.2.5.jar;C:\Users\isaac\.m2\repository\org\apache\httpcomponents\core5\httpcore5-h2\5.2.5\httpcore5-h2-5.2.5.jar;C:\Users\isaac\.m2\repository\com\netflix\eureka\eureka-client\2.0.3\eureka-client-2.0.3.jar;C:\Users\isaac\.m2\repository\com\thoughtworks\xstream\xstream\1.4.20\xstream-1.4.20.jar;C:\Users\isaac\.m2\repository\io\github\x-stream\mxparser\1.2.2\mxparser-1.2.2.jar;C:\Users\isaac\.m2\repository\xmlpull\xmlpull\1.1.3.1\xmlpull-1.1.3.1.jar;C:\Users\isaac\.m2\repository\jakarta\ws\rs\jakarta.ws.rs-api\3.1.0\jakarta.ws.rs-api-3.1.0.jar;C:\Users\isaac\.m2\repository\com\netflix\spectator\spectator-api\1.7.3\spectator-api-1.7.3.jar;C:\Users\isaac\.m2\repository\org\apache\httpcomponents\httpclient\4.5.3\httpclient-4.5.3.jar;C:\Users\isaac\.m2\repository\org\apache\httpcomponents\httpcore\4.4.16\httpcore-4.4.16.jar;C:\Users\isaac\.m2\repository\commons-codec\commons-codec\1.16.1\commons-codec-1.16.1.jar;C:\Users\isaac\.m2\repository\commons-configuration\commons-configuration\1.10\commons-configuration-1.10.jar;C:\Users\isaac\.m2\repository\commons-lang\commons-lang\2.6\commons-lang-2.6.jar;C:\Users\isaac\.m2\repository\com\fasterxml\jackson\core\jackson-annotations\2.17.2\jackson-annotations-2.17.2.jar;C:\Users\isaac\.m2\repository\com\fasterxml\jackson\core\jackson-core\2.17.2\jackson-core-2.17.2.jar;C:\Users\isaac\.m2\repository\com\netflix\netflix-commons\netflix-eventbus\0.3.0\netflix-eventbus-0.3.0.jar;C:\Users\isaac\.m2\repository\com\netflix\netflix-commons\netflix-infix\0.3.0\netflix-infix-0.3.0.jar;C:\Users\isaac\.m2\repository\commons-jxpath\commons-jxpath\1.3\commons-jxpath-1.3.jar;C:\Users\isaac\.m2\repository\joda-time\joda-time\2.3\joda-time-2.3.jar;C:\Users\isaac\.m2\repository\org\antlr\antlr-runtime\3.4\antlr-runtime-3.4.jar;C:\Users\isaac\.m2\repository\org\antlr\stringtemplate\3.2.1\stringtemplate-3.2.1.jar;C:\Users\isaac\.m2\repository\antlr\antlr\2.7.7\antlr-2.7.7.jar;C:\Users\isaac\.m2\repository\com\google\code\gson\gson\2.10.1\gson-2.10.1.jar;C:\Users\isaac\.m2\repository\com\netflix\servo\servo-core\0.5.3\servo-core-0.5.3.jar;C:\Users\isaac\.m2\repository\org\apache\commons\commons-math\2.2\commons-math-2.2.jar;C:\Users\isaac\.m2\repository\javax\annotation\javax.annotation-api\1.2\javax.annotation-api-1.2.jar;C:\Users\isaac\.m2\repository\org\codehaus\jettison\jettison\1.5.4\jettison-1.5.4.jar;C:\Users\isaac\.m2\repository\com\netflix\eureka\eureka-core\2.0.3\eureka-core-2.0.3.jar;C:\Users\isaac\.m2\repository\com\fasterxml\woodstox\woodstox-core\6.2.1\woodstox-core-6.2.1.jar;C:\Users\isaac\.m2\repository\org\codehaus\woodstox\stax2-api\4.2.1\stax2-api-4.2.1.jar;C:\Users\isaac\.m2\repository\com\google\guava\guava\33.0.0-jre\guava-33.0.0-jre.jar;C:\Users\isaac\.m2\repository\com\google\guava\failureaccess\1.0.2\failureaccess-1.0.2.jar;C:\Users\isaac\.m2\repository\com\google\guava\listenablefuture\9999.0-empty-to-avoid-conflict-with-guava\listenablefuture-9999.0-empty-to-avoid-conflict-with-guava.jar;C:\Users\isaac\.m2\repository\org\checkerframework\checker-qual\3.41.0\checker-qual-3.41.0.jar;C:\Users\isaac\.m2\repository\com\google\errorprone\error_prone_annotations\2.23.0\error_prone_annotations-2.23.0.jar;C:\Users\isaac\.m2\repository\com\google\j2objc\j2objc-annotations\2.8\j2objc-annotations-2.8.jar;C:\Users\isaac\.m2\repository\org\springframework\cloud\spring-cloud-starter-loadbalancer\4.1.4\spring-cloud-starter-loadbalancer-4.1.4.jar;C:\Users\isaac\.m2\repository\org\springframework\cloud\spring-cloud-loadbalancer\4.1.4\spring-cloud-loadbalancer-4.1.4.jar;C:\Users\isaac\.m2\repository\io\projectreactor\reactor-core\3.6.11\reactor-core-3.6.11.jar;C:\Users\isaac\.m2\repository\org\reactivestreams\reactive-streams\1.0.4\reactive-streams-1.0.4.jar;C:\Users\isaac\.m2\repository\io\projectreactor\addons\reactor-extra\3.5.2\reactor-extra-3.5.2.jar;C:\Users\isaac\.m2\repository\org\springframework\boot\spring-boot-starter-cache\3.3.5\spring-boot-starter-cache-3.3.5.jar;C:\Users\isaac\.m2\repository\org\springframework\spring-context-support\6.1.14\spring-context-support-6.1.14.jar;C:\Users\isaac\.m2\repository\com\stoyanr\evictor\1.0.0\evictor-1.0.0.jar;C:\Users\isaac\.m2\repository\org\springdoc\springdoc-openapi-starter-webmvc-ui\2.6.0\springdoc-openapi-starter-webmvc-ui-2.6.0.jar;C:\Users\isaac\.m2\repository\org\springdoc\springdoc-openapi-starter-webmvc-api\2.6.0\springdoc-openapi-starter-webmvc-api-2.6.0.jar;C:\Users\isaac\.m2\repository\org\springdoc\springdoc-openapi-starter-common\2.6.0\springdoc-openapi-starter-common-2.6.0.jar;C:\Users\isaac\.m2\repository\io\swagger\core\v3\swagger-core-jakarta\2.2.22\swagger-core-jakarta-2.2.22.jar;C:\Users\isaac\.m2\repository\org\apache\commons\commons-lang3\3.14.0\commons-lang3-3.14.0.jar;C:\Users\isaac\.m2\repository\io\swagger\core\v3\swagger-annotations-jakarta\2.2.22\swagger-annotations-jakarta-2.2.22.jar;C:\Users\isaac\.m2\repository\io\swagger\core\v3\swagger-models-jakarta\2.2.22\swagger-models-jakarta-2.2.22.jar;C:\Users\isaac\.m2\repository\com\fasterxml\jackson\dataformat\jackson-dataformat-yaml\2.17.2\jackson-dataformat-yaml-2.17.2.jar;C:\Users\isaac\.m2\repository\org\webjars\swagger-ui\5.17.14\swagger-ui-5.17.14.jar;C:\Users\isaac\.m2\repository\jakarta\validation\jakarta.validation-api\3.0.2\jakarta.validation-api-3.0.2.jar;C:\Program Files\swipl\lib\jpl.jar
Launcher Type: SUN_STANDARD

[Global flags]
     intx CICompilerCount                          = 3                                         {product} {ergonomic}
     uint ConcGCThreads                            = 2                                         {product} {ergonomic}
     uint G1ConcRefinementThreads                  = 6                                         {product} {ergonomic}
   size_t G1HeapRegionSize                         = 1048576                                   {product} {ergonomic}
    uintx GCDrainStackTargetSize                   = 64                                        {product} {ergonomic}
   size_t InitialHeapSize                          = 67108864                                  {product} {ergonomic}
     bool ManagementServer                         = true                                      {product} {command line}
   size_t MarkStackSize                            = 4194304                                   {product} {ergonomic}
   size_t MaxHeapSize                              = 1073741824                                {product} {ergonomic}
   size_t MaxNewSize                               = 643825664                                 {product} {ergonomic}
   size_t MinHeapDeltaBytes                        = 1048576                                   {product} {ergonomic}
   size_t MinHeapSize                              = 8388608                                   {product} {ergonomic}
    uintx NonNMethodCodeHeapSize                   = 4096                                   {pd product} {ergonomic}
    uintx NonProfiledCodeHeapSize                  = 0                                      {pd product} {ergonomic}
     bool ProfileInterpreter                       = false                                  {pd product} {command line}
    uintx ProfiledCodeHeapSize                     = 0                                      {pd product} {ergonomic}
   size_t SoftMaxHeapSize                          = 1073741824                             {manageable} {ergonomic}
     intx TieredStopAtLevel                        = 1                                         {product} {command line}
     bool UseCompressedOops                        = true                           {product lp64_product} {ergonomic}
     bool UseG1GC                                  = true                                      {product} {ergonomic}
     bool UseLargePagesIndividualAllocation        = false                                  {pd product} {ergonomic}

Logging:
Log output configuration:
 #0: stdout all=warning uptime,level,tags foldmultilines=false
 #1: stderr all=off uptime,level,tags foldmultilines=false

Environment Variables:
JAVA_HOME=C:\Program Files\Java\jdk-21
PATH=C:\Python312\Scripts\;C:\Python312\;C:\Program Files\Microsoft MPI\Bin\;C:\Program Files\Common Files\Oracle\Java\javapath;C:\app\isaac\product\21c\dbhomeXE\bin;C:\Windows\system32;C:\Windows;C:\Windows\System32\Wbem;C:\Windows\System32\WindowsPowerShell\v1.0\;C:\Windows\System32\OpenSSH\;C:\Users\isaac\AppData\Local\Microsoft\WindowsApps;C:\Windows\AtlasModules;C:\Windows\AtlasModules\Apps;C:\Windows\AtlasModules\Other;C:\Windows\AtlasModules\Tools;C:\Windows\AtlasModules\Scripts;C:\Program Files\Java\jdk-21\bin;C:\Program Files (x86)\Microsoft SQL Server\160\Tools\Binn\;C:\Program Files\Microsoft SQL Server\160\Tools\Binn\;C:\Program Files\Microsoft SQL Server\Client SDK\ODBC\170\Tools\Binn\;C:\Program Files\Microsoft SQL Server\160\DTS\Binn\;C:\Program Files (x86)\Microsoft SQL Server\160\DTS\Binn\;C:\Program Files\Azure Data Studio\bin;C:\Program Files\Microsoft SQL Server\150\Tools\Binn\;C:\Program Files\nodejs\;C:\ProgramData\chocolatey\bin;C:\Program Files (x86)\Windows Kits\10\Windows Performance Toolkit\;C:\Program Files\dotnet\;C:\Program Files\Git\cmd;C:\Program Files\Docker\Docker\resources\bin;C:\Users\isaac\AppData\Local\Microsoft\WindowsApps;C:\Program Files\Azure Data Studio\bin;C:\Users\isaac\.dotnet\tools;C:\Program Files\JetBrains\IntelliJ IDEA 2023.3.4\bin;;C:\Program Files\swipl\bin;C:\Users\isaac\AppData\Local\Programs\Microsoft VS Code\bin;C:\Users\isaac\AppData\Local\GitHubDesktop\bin;C:\Users\isaac\AppData\Roaming\npm;C:\Program Files\swipl\lib\jpl.jar;
USERNAME=isaac
OS=Windows_NT
PROCESSOR_IDENTIFIER=AMD64 Family 25 Model 33 Stepping 0, AuthenticAMD
TMP=C:\Users\isaac\AppData\Local\Temp
TEMP=C:\Users\isaac\AppData\Local\Temp




Periodic native trim disabled

---------------  S Y S T E M  ---------------

OS:
 Windows 11 , 64 bit Build 22621 (10.0.22621.3085)
OS uptime: 0 days 8:55 hours
Hyper-V role detected

CPU: total 6 (initial active 6) (8 cores per cpu, 2 threads per core) family 25 model 33 stepping 0 microcode 0x0, cx8, cmov, fxsr, ht, mmx, 3dnowpref, sse, sse2, sse3, ssse3, sse4a, sse4.1, sse4.2, popcnt, lzcnt, tsc, tscinvbit, avx, avx2, aes, erms, clmul, bmi1, bmi2, adx, sha, fma, vzeroupper, clflush, clflushopt, hv, rdtscp, rdpid, fsrm, f16c, cet_ss
Processor Information for all 6 processors :
  Max Mhz: 4200, Current Mhz: 4200, Mhz Limit: 4200

Memory: 4k page, system-wide physical 4094M (197M free)
TotalPageFile size 16382M (AvailPageFile size 23M)
current process WorkingSet (physical memory assigned to process): 326M, peak: 333M
current process commit charge ("private bytes"): 441M, peak: 500M

vm_info: Java HotSpot(TM) 64-Bit Server VM (21.0.2+13-LTS-58) for windows-amd64 JRE (21.0.2+13-LTS-58), built on 2024-01-05T18:32:24Z by "mach5one" with MS VC++ 17.1 (VS2022)

END.
